{"/home/runner/work/SS-Personal-Portfolio-main/SS-Personal-Portfolio-main/App.tsx": {"path":"/home/runner/work/SS-Personal-Portfolio-main/SS-Personal-Portfolio-main/App.tsx","statementMap":{"0":{"start":{"line":5,"column":6},"end":{"line":5,"column":null}},"1":{"start":{"line":5,"column":24},"end":{"line":5,"column":null}},"2":{"start":{"line":5,"column":65},"end":{"line":5,"column":null}},"3":{"start":{"line":6,"column":6},"end":{"line":6,"column":null}},"4":{"start":{"line":6,"column":29},"end":{"line":6,"column":null}},"5":{"start":{"line":6,"column":75},"end":{"line":6,"column":null}},"6":{"start":{"line":7,"column":6},"end":{"line":7,"column":null}},"7":{"start":{"line":7,"column":32},"end":{"line":7,"column":null}},"8":{"start":{"line":7,"column":81},"end":{"line":7,"column":null}},"9":{"start":{"line":8,"column":6},"end":{"line":8,"column":null}},"10":{"start":{"line":8,"column":32},"end":{"line":8,"column":null}},"11":{"start":{"line":8,"column":81},"end":{"line":8,"column":null}},"12":{"start":{"line":11,"column":22},"end":{"line":17,"column":null}},"13":{"start":{"line":12,"column":2},"end":{"line":17,"column":null}},"14":{"start":{"line":20,"column":22},"end":{"line":33,"column":null}},"15":{"start":{"line":21,"column":2},"end":{"line":31,"column":null}}},"fnMap":{"0":{"name":"(anonymous_0)","decl":{"start":{"line":5,"column":18},"end":{"line":5,"column":24}},"loc":{"start":{"line":5,"column":24},"end":{"line":5,"column":null}},"line":5},"1":{"name":"(anonymous_1)","decl":{"start":{"line":5,"column":57},"end":{"line":5,"column":63}},"loc":{"start":{"line":5,"column":65},"end":{"line":5,"column":null}},"line":5},"2":{"name":"(anonymous_2)","decl":{"start":{"line":6,"column":23},"end":{"line":6,"column":29}},"loc":{"start":{"line":6,"column":29},"end":{"line":6,"column":null}},"line":6},"3":{"name":"(anonymous_3)","decl":{"start":{"line":6,"column":67},"end":{"line":6,"column":73}},"loc":{"start":{"line":6,"column":75},"end":{"line":6,"column":null}},"line":6},"4":{"name":"(anonymous_4)","decl":{"start":{"line":7,"column":26},"end":{"line":7,"column":32}},"loc":{"start":{"line":7,"column":32},"end":{"line":7,"column":null}},"line":7},"5":{"name":"(anonymous_5)","decl":{"start":{"line":7,"column":73},"end":{"line":7,"column":79}},"loc":{"start":{"line":7,"column":81},"end":{"line":7,"column":null}},"line":7},"6":{"name":"(anonymous_6)","decl":{"start":{"line":8,"column":26},"end":{"line":8,"column":32}},"loc":{"start":{"line":8,"column":32},"end":{"line":8,"column":null}},"line":8},"7":{"name":"(anonymous_7)","decl":{"start":{"line":8,"column":73},"end":{"line":8,"column":79}},"loc":{"start":{"line":8,"column":81},"end":{"line":8,"column":null}},"line":8},"8":{"name":"(anonymous_8)","decl":{"start":{"line":11,"column":22},"end":{"line":11,"column":null}},"loc":{"start":{"line":12,"column":2},"end":{"line":17,"column":null}},"line":12},"9":{"name":"(anonymous_9)","decl":{"start":{"line":20,"column":22},"end":{"line":20,"column":28}},"loc":{"start":{"line":20,"column":28},"end":{"line":33,"column":null}},"line":20}},"branchMap":{},"s":{"0":1,"1":1,"2":1,"3":1,"4":0,"5":0,"6":1,"7":0,"8":0,"9":1,"10":0,"11":0,"12":1,"13":1,"14":1,"15":2},"f":{"0":1,"1":1,"2":0,"3":0,"4":0,"5":0,"6":0,"7":0,"8":1,"9":2},"b":{},"meta":{"lastBranch":0,"lastFunction":10,"lastStatement":16,"seen":{"s:5:6:5:Infinity":0,"f:5:18:5:24":0,"s:5:24:5:Infinity":1,"f:5:57:5:63":1,"s:5:65:5:Infinity":2,"s:6:6:6:Infinity":3,"f:6:23:6:29":2,"s:6:29:6:Infinity":4,"f:6:67:6:73":3,"s:6:75:6:Infinity":5,"s:7:6:7:Infinity":6,"f:7:26:7:32":4,"s:7:32:7:Infinity":7,"f:7:73:7:79":5,"s:7:81:7:Infinity":8,"s:8:6:8:Infinity":9,"f:8:26:8:32":6,"s:8:32:8:Infinity":10,"f:8:73:8:79":7,"s:8:81:8:Infinity":11,"s:11:22:17:Infinity":12,"f:11:22:11:Infinity":8,"s:12:2:17:Infinity":13,"s:20:22:33:Infinity":14,"f:20:22:20:28":9,"s:21:2:31:Infinity":15}}}
,"/home/runner/work/SS-Personal-Portfolio-main/SS-Personal-Portfolio-main/index.tsx": {"path":"/home/runner/work/SS-Personal-Portfolio-main/SS-Personal-Portfolio-main/index.tsx","statementMap":{"0":{"start":{"line":6,"column":20},"end":{"line":6,"column":null}},"1":{"start":{"line":7,"column":0},"end":{"line":9,"column":null}},"2":{"start":{"line":8,"column":2},"end":{"line":8,"column":null}},"3":{"start":{"line":11,"column":0},"end":{"line":25,"column":null}},"4":{"start":{"line":12,"column":15},"end":{"line":12,"column":null}},"5":{"start":{"line":13,"column":2},"end":{"line":17,"column":null}},"6":{"start":{"line":19,"column":2},"end":{"line":19,"column":null}},"7":{"start":{"line":20,"column":2},"end":{"line":23,"column":null}}},"fnMap":{},"branchMap":{"0":{"loc":{"start":{"line":7,"column":0},"end":{"line":9,"column":null}},"type":"if","locations":[{"start":{"line":7,"column":0},"end":{"line":9,"column":null}},{"start":{},"end":{}}],"line":7}},"s":{"0":0,"1":0,"2":0,"3":0,"4":0,"5":0,"6":0,"7":0},"f":{},"b":{"0":[0,0]},"meta":{"lastBranch":1,"lastFunction":0,"lastStatement":8,"seen":{"s:6:20:6:Infinity":0,"b:7:0:9:Infinity:undefined:undefined:undefined:undefined":0,"s:7:0:9:Infinity":1,"s:8:2:8:Infinity":2,"s:11:0:25:Infinity":3,"s:12:15:12:Infinity":4,"s:13:2:17:Infinity":5,"s:19:2:19:Infinity":6,"s:20:2:23:Infinity":7}}}
,"/home/runner/work/SS-Personal-Portfolio-main/SS-Personal-Portfolio-main/components/About.tsx": {"path":"/home/runner/work/SS-Personal-Portfolio-main/SS-Personal-Portfolio-main/components/About.tsx","statementMap":{"0":{"start":{"line":13,"column":23},"end":{"line":18,"column":null}},"1":{"start":{"line":21,"column":20},"end":{"line":50,"column":null}},"2":{"start":{"line":53,"column":20},"end":{"line":110,"column":null}},"3":{"start":{"line":112,"column":31},"end":{"line":492,"column":null}},"4":{"start":{"line":113,"column":8},"end":{"line":113,"column":null}},"5":{"start":{"line":115,"column":2},"end":{"line":490,"column":null}},"6":{"start":{"line":180,"column":18},"end":{"line":194,"column":null}},"7":{"start":{"line":200,"column":31},"end":{"line":200,"column":null}},"8":{"start":{"line":222,"column":16},"end":{"line":225,"column":null}},"9":{"start":{"line":230,"column":16},"end":{"line":233,"column":null}},"10":{"start":{"line":280,"column":10},"end":{"line":327,"column":null}},"11":{"start":{"line":377,"column":12},"end":{"line":486,"column":null}},"12":{"start":{"line":388,"column":37},"end":{"line":388,"column":null}},"13":{"start":{"line":389,"column":37},"end":{"line":389,"column":null}},"14":{"start":{"line":443,"column":26},"end":{"line":449,"column":null}},"15":{"start":{"line":459,"column":26},"end":{"line":464,"column":null}},"16":{"start":{"line":474,"column":26},"end":{"line":479,"column":null}}},"fnMap":{"0":{"name":"(anonymous_0)","decl":{"start":{"line":112,"column":31},"end":{"line":112,"column":37}},"loc":{"start":{"line":112,"column":37},"end":{"line":492,"column":null}},"line":112},"1":{"name":"(anonymous_1)","decl":{"start":{"line":179,"column":36},"end":{"line":179,"column":37}},"loc":{"start":{"line":180,"column":18},"end":{"line":194,"column":null}},"line":180},"2":{"name":"(anonymous_2)","decl":{"start":{"line":200,"column":25},"end":{"line":200,"column":31}},"loc":{"start":{"line":200,"column":31},"end":{"line":200,"column":null}},"line":200},"3":{"name":"(anonymous_3)","decl":{"start":{"line":221,"column":33},"end":{"line":221,"column":34}},"loc":{"start":{"line":222,"column":16},"end":{"line":225,"column":null}},"line":222},"4":{"name":"(anonymous_4)","decl":{"start":{"line":229,"column":33},"end":{"line":229,"column":34}},"loc":{"start":{"line":230,"column":16},"end":{"line":233,"column":null}},"line":230},"5":{"name":"(anonymous_5)","decl":{"start":{"line":279,"column":25},"end":{"line":279,"column":26}},"loc":{"start":{"line":280,"column":10},"end":{"line":327,"column":null}},"line":280},"6":{"name":"(anonymous_6)","decl":{"start":{"line":376,"column":27},"end":{"line":376,"column":28}},"loc":{"start":{"line":377,"column":12},"end":{"line":486,"column":null}},"line":377},"7":{"name":"(anonymous_7)","decl":{"start":{"line":388,"column":30},"end":{"line":388,"column":31}},"loc":{"start":{"line":388,"column":37},"end":{"line":388,"column":null}},"line":388},"8":{"name":"(anonymous_8)","decl":{"start":{"line":389,"column":30},"end":{"line":389,"column":31}},"loc":{"start":{"line":389,"column":37},"end":{"line":389,"column":null}},"line":389},"9":{"name":"(anonymous_9)","decl":{"start":{"line":442,"column":46},"end":{"line":442,"column":null}},"loc":{"start":{"line":443,"column":26},"end":{"line":449,"column":null}},"line":443},"10":{"name":"(anonymous_10)","decl":{"start":{"line":458,"column":47},"end":{"line":458,"column":null}},"loc":{"start":{"line":459,"column":26},"end":{"line":464,"column":null}},"line":459},"11":{"name":"(anonymous_11)","decl":{"start":{"line":473,"column":49},"end":{"line":473,"column":null}},"loc":{"start":{"line":474,"column":26},"end":{"line":479,"column":null}},"line":474}},"branchMap":{},"s":{"0":0,"1":0,"2":0,"3":0,"4":0,"5":0,"6":0,"7":0,"8":0,"9":0,"10":0,"11":0,"12":0,"13":0,"14":0,"15":0,"16":0},"f":{"0":0,"1":0,"2":0,"3":0,"4":0,"5":0,"6":0,"7":0,"8":0,"9":0,"10":0,"11":0},"b":{},"meta":{"lastBranch":0,"lastFunction":12,"lastStatement":17,"seen":{"s:13:23:18:Infinity":0,"s:21:20:50:Infinity":1,"s:53:20:110:Infinity":2,"s:112:31:492:Infinity":3,"f:112:31:112:37":0,"s:113:8:113:Infinity":4,"s:115:2:490:Infinity":5,"f:179:36:179:37":1,"s:180:18:194:Infinity":6,"f:200:25:200:31":2,"s:200:31:200:Infinity":7,"f:221:33:221:34":3,"s:222:16:225:Infinity":8,"f:229:33:229:34":4,"s:230:16:233:Infinity":9,"f:279:25:279:26":5,"s:280:10:327:Infinity":10,"f:376:27:376:28":6,"s:377:12:486:Infinity":11,"f:388:30:388:31":7,"s:388:37:388:Infinity":12,"f:389:30:389:31":8,"s:389:37:389:Infinity":13,"f:442:46:442:Infinity":9,"s:443:26:449:Infinity":14,"f:458:47:458:Infinity":10,"s:459:26:464:Infinity":15,"f:473:49:473:Infinity":11,"s:474:26:479:Infinity":16}}}
,"/home/runner/work/SS-Personal-Portfolio-main/SS-Personal-Portfolio-main/components/AboutPage.tsx": {"path":"/home/runner/work/SS-Personal-Portfolio-main/SS-Personal-Portfolio-main/components/AboutPage.tsx","statementMap":{"0":{"start":{"line":16,"column":20},"end":{"line":16,"column":null}},"1":{"start":{"line":17,"column":20},"end":{"line":17,"column":null}},"2":{"start":{"line":18,"column":19},"end":{"line":18,"column":null}},"3":{"start":{"line":21,"column":23},"end":{"line":26,"column":null}},"4":{"start":{"line":29,"column":20},"end":{"line":34,"column":null}},"5":{"start":{"line":37,"column":24},"end":{"line":42,"column":null}},"6":{"start":{"line":45,"column":22},"end":{"line":74,"column":null}},"7":{"start":{"line":77,"column":20},"end":{"line":126,"column":null}},"8":{"start":{"line":129,"column":26},"end":{"line":134,"column":null}},"9":{"start":{"line":136,"column":22},"end":{"line":191,"column":null}},"10":{"start":{"line":193,"column":18},"end":{"line":208,"column":null}},"11":{"start":{"line":194,"column":4},"end":{"line":208,"column":null}},"12":{"start":{"line":211,"column":35},"end":{"line":957,"column":null}},"13":{"start":{"line":212,"column":36},"end":{"line":212,"column":null}},"14":{"start":{"line":213,"column":56},"end":{"line":213,"column":null}},"15":{"start":{"line":214,"column":38},"end":{"line":214,"column":null}},"16":{"start":{"line":215,"column":40},"end":{"line":215,"column":null}},"17":{"start":{"line":216,"column":40},"end":{"line":216,"column":null}},"18":{"start":{"line":219,"column":25},"end":{"line":221,"column":null}},"19":{"start":{"line":221,"column":34},"end":{"line":221,"column":72}},"20":{"start":{"line":224,"column":2},"end":{"line":230,"column":null}},"21":{"start":{"line":225,"column":4},"end":{"line":225,"column":null}},"22":{"start":{"line":225,"column":55},"end":{"line":225,"column":null}},"23":{"start":{"line":226,"column":18},"end":{"line":228,"column":null}},"24":{"start":{"line":227,"column":6},"end":{"line":227,"column":null}},"25":{"start":{"line":227,"column":22},"end":{"line":227,"column":64}},"26":{"start":{"line":229,"column":4},"end":{"line":229,"column":null}},"27":{"start":{"line":229,"column":17},"end":{"line":229,"column":null}},"28":{"start":{"line":233,"column":2},"end":{"line":235,"column":null}},"29":{"start":{"line":234,"column":4},"end":{"line":234,"column":null}},"30":{"start":{"line":237,"column":38},"end":{"line":243,"column":null}},"31":{"start":{"line":245,"column":33},"end":{"line":252,"column":null}},"32":{"start":{"line":254,"column":2},"end":{"line":955,"column":null}},"33":{"start":{"line":308,"column":24},"end":{"line":321,"column":null}},"34":{"start":{"line":343,"column":24},"end":{"line":384,"column":null}},"35":{"start":{"line":413,"column":46},"end":{"line":413,"column":null}},"36":{"start":{"line":508,"column":24},"end":{"line":604,"column":null}},"37":{"start":{"line":519,"column":53},"end":{"line":519,"column":null}},"38":{"start":{"line":520,"column":53},"end":{"line":520,"column":null}},"39":{"start":{"line":563,"column":52},"end":{"line":569,"column":null}},"40":{"start":{"line":578,"column":52},"end":{"line":583,"column":null}},"41":{"start":{"line":592,"column":52},"end":{"line":597,"column":null}},"42":{"start":{"line":622,"column":24},"end":{"line":631,"column":null}},"43":{"start":{"line":655,"column":24},"end":{"line":676,"column":null}},"44":{"start":{"line":720,"column":24},"end":{"line":731,"column":null}},"45":{"start":{"line":722,"column":43},"end":{"line":722,"column":null}},"46":{"start":{"line":740,"column":39},"end":{"line":740,"column":null}},"47":{"start":{"line":741,"column":44},"end":{"line":741,"column":null}},"48":{"start":{"line":742,"column":44},"end":{"line":742,"column":null}},"49":{"start":{"line":792,"column":32},"end":{"line":792,"column":null}},"50":{"start":{"line":793,"column":32},"end":{"line":793,"column":null}},"51":{"start":{"line":793,"column":56},"end":{"line":793,"column":105}},"52":{"start":{"line":801,"column":32},"end":{"line":801,"column":null}},"53":{"start":{"line":802,"column":32},"end":{"line":802,"column":null}},"54":{"start":{"line":802,"column":48},"end":{"line":802,"column":90}},"55":{"start":{"line":819,"column":28},"end":{"line":827,"column":null}},"56":{"start":{"line":821,"column":47},"end":{"line":821,"column":null}},"57":{"start":{"line":835,"column":24},"end":{"line":855,"column":null}},"58":{"start":{"line":837,"column":43},"end":{"line":837,"column":null}},"59":{"start":{"line":868,"column":39},"end":{"line":868,"column":null}},"60":{"start":{"line":874,"column":44},"end":{"line":874,"column":null}},"61":{"start":{"line":879,"column":47},"end":{"line":879,"column":null}}},"fnMap":{"0":{"name":"(anonymous_0)","decl":{"start":{"line":193,"column":18},"end":{"line":193,"column":19}},"loc":{"start":{"line":194,"column":4},"end":{"line":208,"column":null}},"line":194},"1":{"name":"(anonymous_1)","decl":{"start":{"line":211,"column":35},"end":{"line":211,"column":41}},"loc":{"start":{"line":211,"column":41},"end":{"line":957,"column":null}},"line":211},"2":{"name":"(anonymous_2)","decl":{"start":{"line":221,"column":27},"end":{"line":221,"column":34}},"loc":{"start":{"line":221,"column":34},"end":{"line":221,"column":72}},"line":221},"3":{"name":"(anonymous_3)","decl":{"start":{"line":224,"column":12},"end":{"line":224,"column":18}},"loc":{"start":{"line":224,"column":18},"end":{"line":230,"column":5}},"line":224},"4":{"name":"(anonymous_4)","decl":{"start":{"line":226,"column":30},"end":{"line":226,"column":36}},"loc":{"start":{"line":226,"column":36},"end":{"line":228,"column":7}},"line":226},"5":{"name":"(anonymous_5)","decl":{"start":{"line":227,"column":22},"end":{"line":227,"column":31}},"loc":{"start":{"line":227,"column":22},"end":{"line":227,"column":64}},"line":227},"6":{"name":"(anonymous_6)","decl":{"start":{"line":229,"column":11},"end":{"line":229,"column":17}},"loc":{"start":{"line":229,"column":17},"end":{"line":229,"column":null}},"line":229},"7":{"name":"(anonymous_7)","decl":{"start":{"line":233,"column":12},"end":{"line":233,"column":18}},"loc":{"start":{"line":233,"column":18},"end":{"line":235,"column":5}},"line":233},"8":{"name":"(anonymous_8)","decl":{"start":{"line":307,"column":40},"end":{"line":307,"column":41}},"loc":{"start":{"line":308,"column":24},"end":{"line":321,"column":null}},"line":308},"9":{"name":"(anonymous_9)","decl":{"start":{"line":342,"column":37},"end":{"line":342,"column":38}},"loc":{"start":{"line":343,"column":24},"end":{"line":384,"column":null}},"line":343},"10":{"name":"(anonymous_10)","decl":{"start":{"line":413,"column":40},"end":{"line":413,"column":46}},"loc":{"start":{"line":413,"column":46},"end":{"line":413,"column":null}},"line":413},"11":{"name":"(anonymous_11)","decl":{"start":{"line":507,"column":37},"end":{"line":507,"column":38}},"loc":{"start":{"line":508,"column":24},"end":{"line":604,"column":null}},"line":508},"12":{"name":"(anonymous_12)","decl":{"start":{"line":519,"column":46},"end":{"line":519,"column":47}},"loc":{"start":{"line":519,"column":53},"end":{"line":519,"column":null}},"line":519},"13":{"name":"(anonymous_13)","decl":{"start":{"line":520,"column":46},"end":{"line":520,"column":47}},"loc":{"start":{"line":520,"column":53},"end":{"line":520,"column":null}},"line":520},"14":{"name":"(anonymous_14)","decl":{"start":{"line":562,"column":70},"end":{"line":562,"column":null}},"loc":{"start":{"line":563,"column":52},"end":{"line":569,"column":null}},"line":563},"15":{"name":"(anonymous_15)","decl":{"start":{"line":577,"column":71},"end":{"line":577,"column":null}},"loc":{"start":{"line":578,"column":52},"end":{"line":583,"column":null}},"line":578},"16":{"name":"(anonymous_16)","decl":{"start":{"line":591,"column":73},"end":{"line":591,"column":null}},"loc":{"start":{"line":592,"column":52},"end":{"line":597,"column":null}},"line":592},"17":{"name":"(anonymous_17)","decl":{"start":{"line":621,"column":41},"end":{"line":621,"column":42}},"loc":{"start":{"line":622,"column":24},"end":{"line":631,"column":null}},"line":622},"18":{"name":"(anonymous_18)","decl":{"start":{"line":654,"column":26},"end":{"line":654,"column":27}},"loc":{"start":{"line":655,"column":24},"end":{"line":676,"column":null}},"line":655},"19":{"name":"(anonymous_19)","decl":{"start":{"line":719,"column":43},"end":{"line":719,"column":44}},"loc":{"start":{"line":720,"column":24},"end":{"line":731,"column":null}},"line":720},"20":{"name":"(anonymous_20)","decl":{"start":{"line":722,"column":37},"end":{"line":722,"column":43}},"loc":{"start":{"line":722,"column":43},"end":{"line":722,"column":null}},"line":722},"21":{"name":"(anonymous_21)","decl":{"start":{"line":740,"column":33},"end":{"line":740,"column":39}},"loc":{"start":{"line":740,"column":39},"end":{"line":740,"column":null}},"line":740},"22":{"name":"(anonymous_22)","decl":{"start":{"line":741,"column":38},"end":{"line":741,"column":44}},"loc":{"start":{"line":741,"column":44},"end":{"line":741,"column":null}},"line":741},"23":{"name":"(anonymous_23)","decl":{"start":{"line":742,"column":38},"end":{"line":742,"column":44}},"loc":{"start":{"line":742,"column":44},"end":{"line":742,"column":null}},"line":742},"24":{"name":"(anonymous_24)","decl":{"start":{"line":791,"column":37},"end":{"line":791,"column":38}},"loc":{"start":{"line":791,"column":44},"end":{"line":794,"column":null}},"line":791},"25":{"name":"(anonymous_25)","decl":{"start":{"line":793,"column":48},"end":{"line":793,"column":56}},"loc":{"start":{"line":793,"column":56},"end":{"line":793,"column":105}},"line":793},"26":{"name":"(anonymous_26)","decl":{"start":{"line":800,"column":37},"end":{"line":800,"column":38}},"loc":{"start":{"line":800,"column":44},"end":{"line":803,"column":null}},"line":800},"27":{"name":"(anonymous_27)","decl":{"start":{"line":802,"column":48},"end":{"line":802,"column":57}},"loc":{"start":{"line":802,"column":48},"end":{"line":802,"column":90}},"line":802},"28":{"name":"(anonymous_28)","decl":{"start":{"line":818,"column":44},"end":{"line":818,"column":45}},"loc":{"start":{"line":819,"column":28},"end":{"line":827,"column":null}},"line":819},"29":{"name":"(anonymous_29)","decl":{"start":{"line":821,"column":41},"end":{"line":821,"column":47}},"loc":{"start":{"line":821,"column":47},"end":{"line":821,"column":null}},"line":821},"30":{"name":"(anonymous_30)","decl":{"start":{"line":834,"column":40},"end":{"line":834,"column":41}},"loc":{"start":{"line":835,"column":24},"end":{"line":855,"column":null}},"line":835},"31":{"name":"(anonymous_31)","decl":{"start":{"line":837,"column":37},"end":{"line":837,"column":43}},"loc":{"start":{"line":837,"column":43},"end":{"line":837,"column":null}},"line":837},"32":{"name":"(anonymous_32)","decl":{"start":{"line":868,"column":33},"end":{"line":868,"column":39}},"loc":{"start":{"line":868,"column":39},"end":{"line":868,"column":null}},"line":868},"33":{"name":"(anonymous_33)","decl":{"start":{"line":874,"column":37},"end":{"line":874,"column":38}},"loc":{"start":{"line":874,"column":44},"end":{"line":874,"column":null}},"line":874},"34":{"name":"(anonymous_34)","decl":{"start":{"line":879,"column":41},"end":{"line":879,"column":47}},"loc":{"start":{"line":879,"column":47},"end":{"line":879,"column":null}},"line":879}},"branchMap":{"0":{"loc":{"start":{"line":219,"column":25},"end":{"line":221,"column":null}},"type":"cond-expr","locations":[{"start":{"line":220,"column":6},"end":{"line":220,"column":null}},{"start":{"line":221,"column":6},"end":{"line":221,"column":null}}],"line":219},"1":{"loc":{"start":{"line":225,"column":4},"end":{"line":225,"column":null}},"type":"if","locations":[{"start":{"line":225,"column":4},"end":{"line":225,"column":null}},{"start":{},"end":{}}],"line":225},"2":{"loc":{"start":{"line":225,"column":8},"end":{"line":225,"column":55}},"type":"binary-expr","locations":[{"start":{"line":225,"column":8},"end":{"line":225,"column":26}},{"start":{"line":225,"column":26},"end":{"line":225,"column":55}}],"line":225},"3":{"loc":{"start":{"line":394,"column":29},"end":{"line":400,"column":null}},"type":"binary-expr","locations":[{"start":{"line":394,"column":29},"end":{"line":394,"column":null}},{"start":{"line":395,"column":32},"end":{"line":400,"column":null}}],"line":394},"4":{"loc":{"start":{"line":405,"column":48},"end":{"line":405,"column":68}},"type":"cond-expr","locations":[{"start":{"line":405,"column":62},"end":{"line":405,"column":66}},{"start":{"line":405,"column":66},"end":{"line":405,"column":68}}],"line":405},"5":{"loc":{"start":{"line":724,"column":32},"end":{"line":726,"column":null}},"type":"cond-expr","locations":[{"start":{"line":725,"column":38},"end":{"line":725,"column":null}},{"start":{"line":726,"column":38},"end":{"line":726,"column":null}}],"line":724},"6":{"loc":{"start":{"line":745,"column":29},"end":{"line":755,"column":null}},"type":"binary-expr","locations":[{"start":{"line":745,"column":29},"end":{"line":745,"column":null}},{"start":{"line":746,"column":32},"end":{"line":755,"column":null}}],"line":745},"7":{"loc":{"start":{"line":763,"column":25},"end":{"line":786,"column":null}},"type":"binary-expr","locations":[{"start":{"line":763,"column":25},"end":{"line":763,"column":null}},{"start":{"line":764,"column":28},"end":{"line":786,"column":null}}],"line":763},"8":{"loc":{"start":{"line":793,"column":56},"end":{"line":793,"column":105}},"type":"cond-expr","locations":[{"start":{"line":793,"column":69},"end":{"line":793,"column":97}},{"start":{"line":793,"column":97},"end":{"line":793,"column":105}}],"line":793},"9":{"loc":{"start":{"line":823,"column":36},"end":{"line":825,"column":null}},"type":"cond-expr","locations":[{"start":{"line":824,"column":42},"end":{"line":824,"column":null}},{"start":{"line":825,"column":42},"end":{"line":825,"column":null}}],"line":823},"10":{"loc":{"start":{"line":839,"column":32},"end":{"line":839,"column":null}},"type":"cond-expr","locations":[{"start":{"line":839,"column":55},"end":{"line":839,"column":81}},{"start":{"line":839,"column":81},"end":{"line":839,"column":null}}],"line":839},"11":{"loc":{"start":{"line":852,"column":29},"end":{"line":853,"column":null}},"type":"binary-expr","locations":[{"start":{"line":852,"column":29},"end":{"line":852,"column":null}},{"start":{"line":853,"column":32},"end":{"line":853,"column":null}}],"line":852},"12":{"loc":{"start":{"line":862,"column":17},"end":{"line":917,"column":null}},"type":"binary-expr","locations":[{"start":{"line":862,"column":17},"end":{"line":862,"column":null}},{"start":{"line":863,"column":20},"end":{"line":917,"column":null}}],"line":862}},"s":{"0":0,"1":0,"2":0,"3":0,"4":0,"5":0,"6":0,"7":0,"8":0,"9":0,"10":0,"11":0,"12":0,"13":0,"14":0,"15":0,"16":0,"17":0,"18":0,"19":0,"20":0,"21":0,"22":0,"23":0,"24":0,"25":0,"26":0,"27":0,"28":0,"29":0,"30":0,"31":0,"32":0,"33":0,"34":0,"35":0,"36":0,"37":0,"38":0,"39":0,"40":0,"41":0,"42":0,"43":0,"44":0,"45":0,"46":0,"47":0,"48":0,"49":0,"50":0,"51":0,"52":0,"53":0,"54":0,"55":0,"56":0,"57":0,"58":0,"59":0,"60":0,"61":0},"f":{"0":0,"1":0,"2":0,"3":0,"4":0,"5":0,"6":0,"7":0,"8":0,"9":0,"10":0,"11":0,"12":0,"13":0,"14":0,"15":0,"16":0,"17":0,"18":0,"19":0,"20":0,"21":0,"22":0,"23":0,"24":0,"25":0,"26":0,"27":0,"28":0,"29":0,"30":0,"31":0,"32":0,"33":0,"34":0},"b":{"0":[0,0],"1":[0,0],"2":[0,0],"3":[0,0],"4":[0,0],"5":[0,0],"6":[0,0],"7":[0,0],"8":[0,0],"9":[0,0],"10":[0,0],"11":[0,0],"12":[0,0]},"meta":{"lastBranch":13,"lastFunction":35,"lastStatement":62,"seen":{"s:16:20:16:Infinity":0,"s:17:20:17:Infinity":1,"s:18:19:18:Infinity":2,"s:21:23:26:Infinity":3,"s:29:20:34:Infinity":4,"s:37:24:42:Infinity":5,"s:45:22:74:Infinity":6,"s:77:20:126:Infinity":7,"s:129:26:134:Infinity":8,"s:136:22:191:Infinity":9,"s:193:18:208:Infinity":10,"f:193:18:193:19":0,"s:194:4:208:Infinity":11,"s:211:35:957:Infinity":12,"f:211:35:211:41":1,"s:212:36:212:Infinity":13,"s:213:56:213:Infinity":14,"s:214:38:214:Infinity":15,"s:215:40:215:Infinity":16,"s:216:40:216:Infinity":17,"s:219:25:221:Infinity":18,"b:220:6:220:Infinity:221:6:221:Infinity":0,"f:221:27:221:34":2,"s:221:34:221:72":19,"s:224:2:230:Infinity":20,"f:224:12:224:18":3,"b:225:4:225:Infinity:undefined:undefined:undefined:undefined":1,"s:225:4:225:Infinity":21,"b:225:8:225:26:225:26:225:55":2,"s:225:55:225:Infinity":22,"s:226:18:228:Infinity":23,"f:226:30:226:36":4,"s:227:6:227:Infinity":24,"f:227:22:227:31":5,"s:227:22:227:64":25,"s:229:4:229:Infinity":26,"f:229:11:229:17":6,"s:229:17:229:Infinity":27,"s:233:2:235:Infinity":28,"f:233:12:233:18":7,"s:234:4:234:Infinity":29,"s:237:38:243:Infinity":30,"s:245:33:252:Infinity":31,"s:254:2:955:Infinity":32,"f:307:40:307:41":8,"s:308:24:321:Infinity":33,"f:342:37:342:38":9,"s:343:24:384:Infinity":34,"b:394:29:394:Infinity:395:32:400:Infinity":3,"b:405:62:405:66:405:66:405:68":4,"f:413:40:413:46":10,"s:413:46:413:Infinity":35,"f:507:37:507:38":11,"s:508:24:604:Infinity":36,"f:519:46:519:47":12,"s:519:53:519:Infinity":37,"f:520:46:520:47":13,"s:520:53:520:Infinity":38,"f:562:70:562:Infinity":14,"s:563:52:569:Infinity":39,"f:577:71:577:Infinity":15,"s:578:52:583:Infinity":40,"f:591:73:591:Infinity":16,"s:592:52:597:Infinity":41,"f:621:41:621:42":17,"s:622:24:631:Infinity":42,"f:654:26:654:27":18,"s:655:24:676:Infinity":43,"f:719:43:719:44":19,"s:720:24:731:Infinity":44,"f:722:37:722:43":20,"s:722:43:722:Infinity":45,"b:725:38:725:Infinity:726:38:726:Infinity":5,"f:740:33:740:39":21,"s:740:39:740:Infinity":46,"f:741:38:741:44":22,"s:741:44:741:Infinity":47,"f:742:38:742:44":23,"s:742:44:742:Infinity":48,"b:745:29:745:Infinity:746:32:755:Infinity":6,"b:763:25:763:Infinity:764:28:786:Infinity":7,"f:791:37:791:38":24,"s:792:32:792:Infinity":49,"s:793:32:793:Infinity":50,"f:793:48:793:56":25,"s:793:56:793:105":51,"b:793:69:793:97:793:97:793:105":8,"f:800:37:800:38":26,"s:801:32:801:Infinity":52,"s:802:32:802:Infinity":53,"f:802:48:802:57":27,"s:802:48:802:90":54,"f:818:44:818:45":28,"s:819:28:827:Infinity":55,"f:821:41:821:47":29,"s:821:47:821:Infinity":56,"b:824:42:824:Infinity:825:42:825:Infinity":9,"f:834:40:834:41":30,"s:835:24:855:Infinity":57,"f:837:37:837:43":31,"s:837:43:837:Infinity":58,"b:839:55:839:81:839:81:839:Infinity":10,"b:852:29:852:Infinity:853:32:853:Infinity":11,"b:862:17:862:Infinity:863:20:917:Infinity":12,"f:868:33:868:39":32,"s:868:39:868:Infinity":59,"f:874:37:874:38":33,"s:874:44:874:Infinity":60,"f:879:41:879:47":34,"s:879:47:879:Infinity":61}}}
,"/home/runner/work/SS-Personal-Portfolio-main/SS-Personal-Portfolio-main/components/BackgroundGradients.tsx": {"path":"/home/runner/work/SS-Personal-Portfolio-main/SS-Personal-Portfolio-main/components/BackgroundGradients.tsx","statementMap":{"0":{"start":{"line":4,"column":45},"end":{"line":37,"column":null}},"1":{"start":{"line":5,"column":18},"end":{"line":5,"column":null}},"2":{"start":{"line":8,"column":8},"end":{"line":8,"column":null}},"3":{"start":{"line":9,"column":8},"end":{"line":9,"column":null}},"4":{"start":{"line":11,"column":8},"end":{"line":11,"column":null}},"5":{"start":{"line":13,"column":2},"end":{"line":35,"column":null}}},"fnMap":{"0":{"name":"(anonymous_0)","decl":{"start":{"line":4,"column":45},"end":{"line":4,"column":51}},"loc":{"start":{"line":4,"column":51},"end":{"line":37,"column":null}},"line":4}},"branchMap":{},"s":{"0":0,"1":0,"2":0,"3":0,"4":0,"5":0},"f":{"0":0},"b":{},"meta":{"lastBranch":0,"lastFunction":1,"lastStatement":6,"seen":{"s:4:45:37:Infinity":0,"f:4:45:4:51":0,"s:5:18:5:Infinity":1,"s:8:8:8:Infinity":2,"s:9:8:9:Infinity":3,"s:11:8:11:Infinity":4,"s:13:2:35:Infinity":5}}}
,"/home/runner/work/SS-Personal-Portfolio-main/SS-Personal-Portfolio-main/components/BentoGrid.tsx": {"path":"/home/runner/work/SS-Personal-Portfolio-main/SS-Personal-Portfolio-main/components/BentoGrid.tsx","statementMap":{"0":{"start":{"line":13,"column":22},"end":{"line":59,"column":null}},"1":{"start":{"line":61,"column":21},"end":{"line":89,"column":null}},"2":{"start":{"line":91,"column":18},"end":{"line":91,"column":null}},"3":{"start":{"line":93,"column":22},"end":{"line":99,"column":null}},"4":{"start":{"line":102,"column":6},"end":{"line":163,"column":null}},"5":{"start":{"line":103,"column":34},"end":{"line":103,"column":null}},"6":{"start":{"line":105,"column":2},"end":{"line":110,"column":null}},"7":{"start":{"line":106,"column":21},"end":{"line":108,"column":null}},"8":{"start":{"line":107,"column":6},"end":{"line":107,"column":null}},"9":{"start":{"line":107,"column":20},"end":{"line":107,"column":42}},"10":{"start":{"line":109,"column":4},"end":{"line":109,"column":null}},"11":{"start":{"line":109,"column":17},"end":{"line":109,"column":null}},"12":{"start":{"line":112,"column":2},"end":{"line":161,"column":null}},"13":{"start":{"line":118,"column":10},"end":{"line":133,"column":null}},"14":{"start":{"line":138,"column":10},"end":{"line":151,"column":null}},"15":{"start":{"line":166,"column":25},"end":{"line":207,"column":null}},"16":{"start":{"line":167,"column":2},"end":{"line":205,"column":null}},"17":{"start":{"line":170,"column":8},"end":{"line":203,"column":null}},"18":{"start":{"line":210,"column":35},"end":{"line":473,"column":null}},"19":{"start":{"line":211,"column":2},"end":{"line":471,"column":null}},"20":{"start":{"line":268,"column":20},"end":{"line":271,"column":null}},"21":{"start":{"line":285,"column":18},"end":{"line":287,"column":null}},"22":{"start":{"line":297,"column":12},"end":{"line":332,"column":null}},"23":{"start":{"line":320,"column":20},"end":{"line":323,"column":null}},"24":{"start":{"line":375,"column":16},"end":{"line":378,"column":null}},"25":{"start":{"line":401,"column":16},"end":{"line":407,"column":null}},"26":{"start":{"line":428,"column":12},"end":{"line":467,"column":null}}},"fnMap":{"0":{"name":"(anonymous_0)","decl":{"start":{"line":102,"column":33},"end":{"line":102,"column":39}},"loc":{"start":{"line":102,"column":39},"end":{"line":163,"column":1}},"line":102},"1":{"name":"(anonymous_1)","decl":{"start":{"line":105,"column":12},"end":{"line":105,"column":18}},"loc":{"start":{"line":105,"column":18},"end":{"line":110,"column":5}},"line":105},"2":{"name":"(anonymous_2)","decl":{"start":{"line":106,"column":33},"end":{"line":106,"column":39}},"loc":{"start":{"line":106,"column":39},"end":{"line":108,"column":7}},"line":106},"3":{"name":"(anonymous_3)","decl":{"start":{"line":107,"column":20},"end":{"line":107,"column":29}},"loc":{"start":{"line":107,"column":20},"end":{"line":107,"column":42}},"line":107},"4":{"name":"(anonymous_4)","decl":{"start":{"line":109,"column":11},"end":{"line":109,"column":17}},"loc":{"start":{"line":109,"column":17},"end":{"line":109,"column":null}},"line":109},"5":{"name":"(anonymous_5)","decl":{"start":{"line":117,"column":26},"end":{"line":117,"column":27}},"loc":{"start":{"line":118,"column":10},"end":{"line":133,"column":null}},"line":118},"6":{"name":"(anonymous_6)","decl":{"start":{"line":137,"column":29},"end":{"line":137,"column":30}},"loc":{"start":{"line":138,"column":10},"end":{"line":151,"column":null}},"line":138},"7":{"name":"(anonymous_7)","decl":{"start":{"line":166,"column":25},"end":{"line":166,"column":31}},"loc":{"start":{"line":166,"column":31},"end":{"line":207,"column":null}},"line":166},"8":{"name":"(anonymous_8)","decl":{"start":{"line":169,"column":25},"end":{"line":169,"column":26}},"loc":{"start":{"line":170,"column":8},"end":{"line":203,"column":null}},"line":170},"9":{"name":"(anonymous_9)","decl":{"start":{"line":210,"column":35},"end":{"line":210,"column":41}},"loc":{"start":{"line":210,"column":41},"end":{"line":473,"column":null}},"line":210},"10":{"name":"(anonymous_10)","decl":{"start":{"line":267,"column":48},"end":{"line":267,"column":49}},"loc":{"start":{"line":268,"column":20},"end":{"line":271,"column":null}},"line":268},"11":{"name":"(anonymous_11)","decl":{"start":{"line":284,"column":43},"end":{"line":284,"column":null}},"loc":{"start":{"line":285,"column":18},"end":{"line":287,"column":null}},"line":285},"12":{"name":"(anonymous_12)","decl":{"start":{"line":296,"column":38},"end":{"line":296,"column":39}},"loc":{"start":{"line":297,"column":12},"end":{"line":332,"column":null}},"line":297},"13":{"name":"(anonymous_13)","decl":{"start":{"line":319,"column":36},"end":{"line":319,"column":37}},"loc":{"start":{"line":320,"column":20},"end":{"line":323,"column":null}},"line":320},"14":{"name":"(anonymous_14)","decl":{"start":{"line":374,"column":29},"end":{"line":374,"column":30}},"loc":{"start":{"line":375,"column":16},"end":{"line":378,"column":null}},"line":375},"15":{"name":"(anonymous_15)","decl":{"start":{"line":400,"column":52},"end":{"line":400,"column":53}},"loc":{"start":{"line":401,"column":16},"end":{"line":407,"column":null}},"line":401},"16":{"name":"(anonymous_16)","decl":{"start":{"line":427,"column":28},"end":{"line":427,"column":29}},"loc":{"start":{"line":428,"column":12},"end":{"line":467,"column":null}},"line":428}},"branchMap":{"0":{"loc":{"start":{"line":129,"column":23},"end":{"line":129,"column":null}},"type":"cond-expr","locations":[{"start":{"line":129,"column":42},"end":{"line":129,"column":46}},{"start":{"line":129,"column":46},"end":{"line":129,"column":null}}],"line":129},"1":{"loc":{"start":{"line":130,"column":27},"end":{"line":130,"column":null}},"type":"cond-expr","locations":[{"start":{"line":130,"column":46},"end":{"line":130,"column":50}},{"start":{"line":130,"column":50},"end":{"line":130,"column":null}}],"line":130},"2":{"loc":{"start":{"line":143,"column":18},"end":{"line":143,"column":null}},"type":"cond-expr","locations":[{"start":{"line":143,"column":36},"end":{"line":143,"column":48}},{"start":{"line":143,"column":48},"end":{"line":143,"column":null}}],"line":143},"3":{"loc":{"start":{"line":147,"column":21},"end":{"line":147,"column":null}},"type":"cond-expr","locations":[{"start":{"line":147,"column":40},"end":{"line":147,"column":46}},{"start":{"line":147,"column":46},"end":{"line":147,"column":null}}],"line":147},"4":{"loc":{"start":{"line":148,"column":23},"end":{"line":148,"column":null}},"type":"cond-expr","locations":[{"start":{"line":148,"column":41},"end":{"line":148,"column":45}},{"start":{"line":148,"column":45},"end":{"line":148,"column":null}}],"line":148},"5":{"loc":{"start":{"line":172,"column":12},"end":{"line":174,"column":null}},"type":"cond-expr","locations":[{"start":{"line":172,"column":47},"end":{"line":172,"column":null}},{"start":{"line":173,"column":12},"end":{"line":174,"column":null}}],"line":172},"6":{"loc":{"start":{"line":173,"column":12},"end":{"line":174,"column":null}},"type":"cond-expr","locations":[{"start":{"line":173,"column":49},"end":{"line":173,"column":null}},{"start":{"line":174,"column":12},"end":{"line":174,"column":null}}],"line":173},"7":{"loc":{"start":{"line":176,"column":13},"end":{"line":181,"column":null}},"type":"cond-expr","locations":[{"start":{"line":177,"column":14},"end":{"line":177,"column":null}},{"start":{"line":178,"column":16},"end":{"line":181,"column":null}}],"line":176},"8":{"loc":{"start":{"line":178,"column":16},"end":{"line":181,"column":null}},"type":"cond-expr","locations":[{"start":{"line":179,"column":14},"end":{"line":179,"column":null}},{"start":{"line":181,"column":14},"end":{"line":181,"column":null}}],"line":178},"9":{"loc":{"start":{"line":192,"column":18},"end":{"line":194,"column":null}},"type":"cond-expr","locations":[{"start":{"line":192,"column":53},"end":{"line":192,"column":null}},{"start":{"line":193,"column":18},"end":{"line":194,"column":null}}],"line":192},"10":{"loc":{"start":{"line":193,"column":18},"end":{"line":194,"column":null}},"type":"cond-expr","locations":[{"start":{"line":193,"column":55},"end":{"line":193,"column":null}},{"start":{"line":194,"column":18},"end":{"line":194,"column":null}}],"line":193},"11":{"loc":{"start":{"line":327,"column":18},"end":{"line":327,"column":null}},"type":"cond-expr","locations":[{"start":{"line":327,"column":45},"end":{"line":327,"column":80}},{"start":{"line":327,"column":80},"end":{"line":327,"column":null}}],"line":327},"12":{"loc":{"start":{"line":445,"column":20},"end":{"line":447,"column":null}},"type":"cond-expr","locations":[{"start":{"line":445,"column":49},"end":{"line":445,"column":null}},{"start":{"line":446,"column":20},"end":{"line":447,"column":null}}],"line":445},"13":{"loc":{"start":{"line":446,"column":20},"end":{"line":447,"column":null}},"type":"cond-expr","locations":[{"start":{"line":446,"column":52},"end":{"line":446,"column":null}},{"start":{"line":447,"column":20},"end":{"line":447,"column":null}}],"line":446}},"s":{"0":1,"1":1,"2":1,"3":1,"4":1,"5":9,"6":9,"7":9,"8":0,"9":0,"10":9,"11":9,"12":9,"13":36,"14":45,"15":1,"16":10,"17":50,"18":1,"19":10,"20":20,"21":30,"22":20,"23":40,"24":60,"25":80,"26":30},"f":{"0":9,"1":9,"2":0,"3":0,"4":9,"5":36,"6":45,"7":10,"8":50,"9":10,"10":20,"11":30,"12":20,"13":40,"14":60,"15":80,"16":30},"b":{"0":[9,27],"1":[9,27],"2":[9,36],"3":[9,36],"4":[9,36],"5":[30,20],"6":[10,10],"7":[30,20],"8":[10,10],"9":[30,20],"10":[10,10],"11":[10,10],"12":[10,20],"13":[10,10]},"meta":{"lastBranch":14,"lastFunction":17,"lastStatement":27,"seen":{"s:13:22:59:Infinity":0,"s:61:21:89:Infinity":1,"s:91:18:91:Infinity":2,"s:93:22:99:Infinity":3,"s:102:6:163:Infinity":4,"f:102:33:102:39":0,"s:103:34:103:Infinity":5,"s:105:2:110:Infinity":6,"f:105:12:105:18":1,"s:106:21:108:Infinity":7,"f:106:33:106:39":2,"s:107:6:107:Infinity":8,"f:107:20:107:29":3,"s:107:20:107:42":9,"s:109:4:109:Infinity":10,"f:109:11:109:17":4,"s:109:17:109:Infinity":11,"s:112:2:161:Infinity":12,"f:117:26:117:27":5,"s:118:10:133:Infinity":13,"b:129:42:129:46:129:46:129:Infinity":0,"b:130:46:130:50:130:50:130:Infinity":1,"f:137:29:137:30":6,"s:138:10:151:Infinity":14,"b:143:36:143:48:143:48:143:Infinity":2,"b:147:40:147:46:147:46:147:Infinity":3,"b:148:41:148:45:148:45:148:Infinity":4,"s:166:25:207:Infinity":15,"f:166:25:166:31":7,"s:167:2:205:Infinity":16,"f:169:25:169:26":8,"s:170:8:203:Infinity":17,"b:172:47:172:Infinity:173:12:174:Infinity":5,"b:173:49:173:Infinity:174:12:174:Infinity":6,"b:177:14:177:Infinity:178:16:181:Infinity":7,"b:179:14:179:Infinity:181:14:181:Infinity":8,"b:192:53:192:Infinity:193:18:194:Infinity":9,"b:193:55:193:Infinity:194:18:194:Infinity":10,"s:210:35:473:Infinity":18,"f:210:35:210:41":9,"s:211:2:471:Infinity":19,"f:267:48:267:49":10,"s:268:20:271:Infinity":20,"f:284:43:284:Infinity":11,"s:285:18:287:Infinity":21,"f:296:38:296:39":12,"s:297:12:332:Infinity":22,"f:319:36:319:37":13,"s:320:20:323:Infinity":23,"b:327:45:327:80:327:80:327:Infinity":11,"f:374:29:374:30":14,"s:375:16:378:Infinity":24,"f:400:52:400:53":15,"s:401:16:407:Infinity":25,"f:427:28:427:29":16,"s:428:12:467:Infinity":26,"b:445:49:445:Infinity:446:20:447:Infinity":12,"b:446:52:446:Infinity:447:20:447:Infinity":13}}}
,"/home/runner/work/SS-Personal-Portfolio-main/SS-Personal-Portfolio-main/components/Certifications.tsx": {"path":"/home/runner/work/SS-Personal-Portfolio-main/SS-Personal-Portfolio-main/components/Certifications.tsx","statementMap":{"0":{"start":{"line":19,"column":31},"end":{"line":97,"column":null}},"1":{"start":{"line":100,"column":132},"end":{"line":106,"column":null}},"2":{"start":{"line":108,"column":92},"end":{"line":193,"column":null}},"3":{"start":{"line":109,"column":34},"end":{"line":109,"column":null}},"4":{"start":{"line":110,"column":19},"end":{"line":110,"column":null}},"5":{"start":{"line":111,"column":24},"end":{"line":111,"column":null}},"6":{"start":{"line":113,"column":4},"end":{"line":191,"column":null}},"7":{"start":{"line":116,"column":32},"end":{"line":116,"column":null}},"8":{"start":{"line":117,"column":32},"end":{"line":117,"column":null}},"9":{"start":{"line":179,"column":48},"end":{"line":179,"column":null}},"10":{"start":{"line":195,"column":40},"end":{"line":360,"column":null}},"11":{"start":{"line":196,"column":38},"end":{"line":196,"column":null}},"12":{"start":{"line":197,"column":23},"end":{"line":197,"column":null}},"13":{"start":{"line":200,"column":27},"end":{"line":207,"column":null}},"14":{"start":{"line":201,"column":8},"end":{"line":206,"column":null}},"15":{"start":{"line":202,"column":28},"end":{"line":202,"column":null}},"16":{"start":{"line":203,"column":13},"end":{"line":205,"column":null}},"17":{"start":{"line":204,"column":17},"end":{"line":204,"column":null}},"18":{"start":{"line":209,"column":28},"end":{"line":212,"column":null}},"19":{"start":{"line":210,"column":8},"end":{"line":210,"column":null}},"20":{"start":{"line":211,"column":8},"end":{"line":211,"column":null}},"21":{"start":{"line":214,"column":4},"end":{"line":358,"column":null}},"22":{"start":{"line":319,"column":28},"end":{"line":324,"column":null}},"23":{"start":{"line":323,"column":47},"end":{"line":323,"column":null}}},"fnMap":{"0":{"name":"(anonymous_0)","decl":{"start":{"line":108,"column":92},"end":{"line":108,"column":93}},"loc":{"start":{"line":108,"column":125},"end":{"line":193,"column":null}},"line":108},"1":{"name":"(anonymous_1)","decl":{"start":{"line":116,"column":26},"end":{"line":116,"column":32}},"loc":{"start":{"line":116,"column":32},"end":{"line":116,"column":null}},"line":116},"2":{"name":"(anonymous_2)","decl":{"start":{"line":117,"column":26},"end":{"line":117,"column":32}},"loc":{"start":{"line":117,"column":32},"end":{"line":117,"column":null}},"line":117},"3":{"name":"(anonymous_3)","decl":{"start":{"line":179,"column":41},"end":{"line":179,"column":42}},"loc":{"start":{"line":179,"column":48},"end":{"line":179,"column":null}},"line":179},"4":{"name":"(anonymous_4)","decl":{"start":{"line":195,"column":40},"end":{"line":195,"column":46}},"loc":{"start":{"line":195,"column":46},"end":{"line":360,"column":null}},"line":195},"5":{"name":"(anonymous_5)","decl":{"start":{"line":200,"column":27},"end":{"line":200,"column":33}},"loc":{"start":{"line":200,"column":33},"end":{"line":207,"column":null}},"line":200},"6":{"name":"(anonymous_6)","decl":{"start":{"line":209,"column":28},"end":{"line":209,"column":29}},"loc":{"start":{"line":209,"column":47},"end":{"line":212,"column":null}},"line":209},"7":{"name":"(anonymous_7)","decl":{"start":{"line":318,"column":35},"end":{"line":318,"column":36}},"loc":{"start":{"line":319,"column":28},"end":{"line":324,"column":null}},"line":319},"8":{"name":"(anonymous_8)","decl":{"start":{"line":323,"column":41},"end":{"line":323,"column":47}},"loc":{"start":{"line":323,"column":47},"end":{"line":323,"column":null}},"line":323}},"branchMap":{"0":{"loc":{"start":{"line":111,"column":24},"end":{"line":111,"column":null}},"type":"binary-expr","locations":[{"start":{"line":111,"column":24},"end":{"line":111,"column":36}},{"start":{"line":111,"column":36},"end":{"line":111,"column":null}}],"line":111},"1":{"loc":{"start":{"line":124,"column":16},"end":{"line":126,"column":null}},"type":"cond-expr","locations":[{"start":{"line":125,"column":18},"end":{"line":125,"column":null}},{"start":{"line":126,"column":18},"end":{"line":126,"column":null}}],"line":124},"2":{"loc":{"start":{"line":134,"column":17},"end":{"line":141,"column":null}},"type":"binary-expr","locations":[{"start":{"line":134,"column":17},"end":{"line":134,"column":null}},{"start":{"line":135,"column":20},"end":{"line":141,"column":null}}],"line":134},"3":{"loc":{"start":{"line":148,"column":129},"end":{"line":148,"column":169}},"type":"cond-expr","locations":[{"start":{"line":148,"column":140},"end":{"line":148,"column":154}},{"start":{"line":148,"column":154},"end":{"line":148,"column":169}}],"line":148},"4":{"loc":{"start":{"line":149,"column":73},"end":{"line":149,"column":112}},"type":"cond-expr","locations":[{"start":{"line":149,"column":84},"end":{"line":149,"column":100}},{"start":{"line":149,"column":100},"end":{"line":149,"column":112}}],"line":149},"5":{"loc":{"start":{"line":152,"column":111},"end":{"line":152,"column":175}},"type":"cond-expr","locations":[{"start":{"line":152,"column":122},"end":{"line":152,"column":137}},{"start":{"line":152,"column":137},"end":{"line":152,"column":175}}],"line":152},"6":{"loc":{"start":{"line":156,"column":90},"end":{"line":156,"column":193}},"type":"cond-expr","locations":[{"start":{"line":156,"column":101},"end":{"line":156,"column":141}},{"start":{"line":156,"column":141},"end":{"line":156,"column":193}}],"line":156},"7":{"loc":{"start":{"line":157,"column":62},"end":{"line":157,"column":97}},"type":"cond-expr","locations":[{"start":{"line":157,"column":73},"end":{"line":157,"column":87}},{"start":{"line":157,"column":87},"end":{"line":157,"column":97}}],"line":157},"8":{"loc":{"start":{"line":164,"column":39},"end":{"line":164,"column":65}},"type":"cond-expr","locations":[{"start":{"line":164,"column":53},"end":{"line":164,"column":62}},{"start":{"line":164,"column":62},"end":{"line":164,"column":65}}],"line":164},"9":{"loc":{"start":{"line":164,"column":74},"end":{"line":164,"column":95}},"type":"cond-expr","locations":[{"start":{"line":164,"column":88},"end":{"line":164,"column":92}},{"start":{"line":164,"column":92},"end":{"line":164,"column":95}}],"line":164},"10":{"loc":{"start":{"line":164,"column":106},"end":{"line":164,"column":127}},"type":"cond-expr","locations":[{"start":{"line":164,"column":120},"end":{"line":164,"column":125}},{"start":{"line":164,"column":125},"end":{"line":164,"column":127}}],"line":164},"11":{"loc":{"start":{"line":170,"column":108},"end":{"line":170,"column":148}},"type":"binary-expr","locations":[{"start":{"line":170,"column":108},"end":{"line":170,"column":129}},{"start":{"line":170,"column":129},"end":{"line":170,"column":148}}],"line":170},"12":{"loc":{"start":{"line":172,"column":25},"end":{"line":183,"column":null}},"type":"binary-expr","locations":[{"start":{"line":172,"column":25},"end":{"line":172,"column":null}},{"start":{"line":173,"column":28},"end":{"line":183,"column":null}}],"line":172},"13":{"loc":{"start":{"line":201,"column":8},"end":{"line":206,"column":null}},"type":"if","locations":[{"start":{"line":201,"column":8},"end":{"line":206,"column":null}},{"start":{},"end":{}}],"line":201},"14":{"loc":{"start":{"line":203,"column":13},"end":{"line":205,"column":null}},"type":"if","locations":[{"start":{"line":203,"column":13},"end":{"line":205,"column":null}},{"start":{},"end":{}}],"line":203},"15":{"loc":{"start":{"line":273,"column":155},"end":{"line":273,"column":197}},"type":"binary-expr","locations":[{"start":{"line":273,"column":155},"end":{"line":273,"column":182}},{"start":{"line":273,"column":182},"end":{"line":273,"column":197}}],"line":273},"16":{"loc":{"start":{"line":283,"column":49},"end":{"line":286,"column":null}},"type":"binary-expr","locations":[{"start":{"line":283,"column":49},"end":{"line":283,"column":null}},{"start":{"line":284,"column":52},"end":{"line":286,"column":null}}],"line":283}},"s":{"0":0,"1":0,"2":0,"3":0,"4":0,"5":0,"6":0,"7":0,"8":0,"9":0,"10":0,"11":0,"12":0,"13":0,"14":0,"15":0,"16":0,"17":0,"18":0,"19":0,"20":0,"21":0,"22":0,"23":0},"f":{"0":0,"1":0,"2":0,"3":0,"4":0,"5":0,"6":0,"7":0,"8":0},"b":{"0":[0,0],"1":[0,0],"2":[0,0],"3":[0,0],"4":[0,0],"5":[0,0],"6":[0,0],"7":[0,0],"8":[0,0],"9":[0,0],"10":[0,0],"11":[0,0],"12":[0,0],"13":[0,0],"14":[0,0],"15":[0,0],"16":[0,0]},"meta":{"lastBranch":17,"lastFunction":9,"lastStatement":24,"seen":{"s:19:31:97:Infinity":0,"s:100:132:106:Infinity":1,"s:108:92:193:Infinity":2,"f:108:92:108:93":0,"s:109:34:109:Infinity":3,"s:110:19:110:Infinity":4,"s:111:24:111:Infinity":5,"b:111:24:111:36:111:36:111:Infinity":0,"s:113:4:191:Infinity":6,"f:116:26:116:32":1,"s:116:32:116:Infinity":7,"f:117:26:117:32":2,"s:117:32:117:Infinity":8,"b:125:18:125:Infinity:126:18:126:Infinity":1,"b:134:17:134:Infinity:135:20:141:Infinity":2,"b:148:140:148:154:148:154:148:169":3,"b:149:84:149:100:149:100:149:112":4,"b:152:122:152:137:152:137:152:175":5,"b:156:101:156:141:156:141:156:193":6,"b:157:73:157:87:157:87:157:97":7,"b:164:53:164:62:164:62:164:65":8,"b:164:88:164:92:164:92:164:95":9,"b:164:120:164:125:164:125:164:127":10,"b:170:108:170:129:170:129:170:148":11,"b:172:25:172:Infinity:173:28:183:Infinity":12,"f:179:41:179:42":3,"s:179:48:179:Infinity":9,"s:195:40:360:Infinity":10,"f:195:40:195:46":4,"s:196:38:196:Infinity":11,"s:197:23:197:Infinity":12,"s:200:27:207:Infinity":13,"f:200:27:200:33":5,"b:201:8:206:Infinity:undefined:undefined:undefined:undefined":13,"s:201:8:206:Infinity":14,"s:202:28:202:Infinity":15,"b:203:13:205:Infinity:undefined:undefined:undefined:undefined":14,"s:203:13:205:Infinity":16,"s:204:17:204:Infinity":17,"s:209:28:212:Infinity":18,"f:209:28:209:29":6,"s:210:8:210:Infinity":19,"s:211:8:211:Infinity":20,"s:214:4:358:Infinity":21,"b:273:155:273:182:273:182:273:197":15,"b:283:49:283:Infinity:284:52:286:Infinity":16,"f:318:35:318:36":7,"s:319:28:324:Infinity":22,"f:323:41:323:47":8,"s:323:47:323:Infinity":23}}}
,"/home/runner/work/SS-Personal-Portfolio-main/SS-Personal-Portfolio-main/components/Certifications3D.tsx": {"path":"/home/runner/work/SS-Personal-Portfolio-main/SS-Personal-Portfolio-main/components/Certifications3D.tsx","statementMap":{"0":{"start":{"line":10,"column":47},"end":{"line":16,"column":null}},"1":{"start":{"line":19,"column":25},"end":{"line":35,"column":null}},"2":{"start":{"line":20,"column":23},"end":{"line":20,"column":null}},"3":{"start":{"line":22,"column":2},"end":{"line":32,"column":null}},"4":{"start":{"line":24,"column":5},"end":{"line":30,"column":null}},"5":{"start":{"line":25,"column":8},"end":{"line":25,"column":null}},"6":{"start":{"line":26,"column":5},"end":{"line":30,"column":null}},"7":{"start":{"line":27,"column":8},"end":{"line":27,"column":null}},"8":{"start":{"line":29,"column":8},"end":{"line":29,"column":null}},"9":{"start":{"line":31,"column":5},"end":{"line":31,"column":null}},"10":{"start":{"line":34,"column":2},"end":{"line":34,"column":null}},"11":{"start":{"line":38,"column":21},"end":{"line":70,"column":null}},"12":{"start":{"line":39,"column":10},"end":{"line":39,"column":null}},"13":{"start":{"line":41,"column":4},"end":{"line":54,"column":null}},"14":{"start":{"line":42,"column":8},"end":{"line":53,"column":null}},"15":{"start":{"line":44,"column":22},"end":{"line":44,"column":null}},"16":{"start":{"line":45,"column":12},"end":{"line":45,"column":null}},"17":{"start":{"line":48,"column":12},"end":{"line":52,"column":null}},"18":{"start":{"line":49,"column":16},"end":{"line":49,"column":null}},"19":{"start":{"line":51,"column":16},"end":{"line":51,"column":null}},"20":{"start":{"line":56,"column":4},"end":{"line":68,"column":null}},"21":{"start":{"line":72,"column":24},"end":{"line":209,"column":null}},"22":{"start":{"line":73,"column":10},"end":{"line":73,"column":null}},"23":{"start":{"line":76,"column":10},"end":{"line":76,"column":null}},"24":{"start":{"line":76,"column":33},"end":{"line":76,"column":72}},"25":{"start":{"line":77,"column":10},"end":{"line":77,"column":null}},"26":{"start":{"line":77,"column":35},"end":{"line":77,"column":68}},"27":{"start":{"line":79,"column":4},"end":{"line":93,"column":null}},"28":{"start":{"line":80,"column":25},"end":{"line":80,"column":null}},"29":{"start":{"line":81,"column":8},"end":{"line":92,"column":null}},"30":{"start":{"line":83,"column":31},"end":{"line":83,"column":null}},"31":{"start":{"line":84,"column":31},"end":{"line":84,"column":null}},"32":{"start":{"line":86,"column":12},"end":{"line":86,"column":null}},"33":{"start":{"line":87,"column":12},"end":{"line":87,"column":null}},"34":{"start":{"line":90,"column":12},"end":{"line":90,"column":null}},"35":{"start":{"line":91,"column":12},"end":{"line":91,"column":null}},"36":{"start":{"line":95,"column":4},"end":{"line":207,"column":null}},"37":{"start":{"line":132,"column":24},"end":{"line":137,"column":null}},"38":{"start":{"line":133,"column":28},"end":{"line":136,"column":null}},"39":{"start":{"line":211,"column":30},"end":{"line":261,"column":null}},"40":{"start":{"line":212,"column":4},"end":{"line":259,"column":null}},"41":{"start":{"line":232,"column":20},"end":{"line":250,"column":null}},"42":{"start":{"line":263,"column":55},"end":{"line":310,"column":null}},"43":{"start":{"line":264,"column":24},"end":{"line":264,"column":null}},"44":{"start":{"line":266,"column":4},"end":{"line":308,"column":null}}},"fnMap":{"0":{"name":"(anonymous_0)","decl":{"start":{"line":19,"column":25},"end":{"line":19,"column":31}},"loc":{"start":{"line":19,"column":31},"end":{"line":35,"column":null}},"line":19},"1":{"name":"(anonymous_1)","decl":{"start":{"line":22,"column":12},"end":{"line":22,"column":18}},"loc":{"start":{"line":22,"column":18},"end":{"line":32,"column":5}},"line":22},"2":{"name":"(anonymous_2)","decl":{"start":{"line":38,"column":21},"end":{"line":38,"column":22}},"loc":{"start":{"line":38,"column":55},"end":{"line":70,"column":null}},"line":38},"3":{"name":"(anonymous_3)","decl":{"start":{"line":41,"column":13},"end":{"line":41,"column":14}},"loc":{"start":{"line":41,"column":24},"end":{"line":54,"column":5}},"line":41},"4":{"name":"(anonymous_4)","decl":{"start":{"line":72,"column":24},"end":{"line":72,"column":25}},"loc":{"start":{"line":72,"column":75},"end":{"line":209,"column":null}},"line":72},"5":{"name":"(anonymous_5)","decl":{"start":{"line":76,"column":27},"end":{"line":76,"column":33}},"loc":{"start":{"line":76,"column":33},"end":{"line":76,"column":72}},"line":76},"6":{"name":"(anonymous_6)","decl":{"start":{"line":77,"column":29},"end":{"line":77,"column":35}},"loc":{"start":{"line":77,"column":35},"end":{"line":77,"column":68}},"line":77},"7":{"name":"(anonymous_7)","decl":{"start":{"line":79,"column":13},"end":{"line":79,"column":14}},"loc":{"start":{"line":79,"column":24},"end":{"line":93,"column":5}},"line":79},"8":{"name":"(anonymous_8)","decl":{"start":{"line":131,"column":39},"end":{"line":131,"column":40}},"loc":{"start":{"line":132,"column":24},"end":{"line":137,"column":null}},"line":132},"9":{"name":"(anonymous_9)","decl":{"start":{"line":132,"column":42},"end":{"line":132,"column":43}},"loc":{"start":{"line":133,"column":28},"end":{"line":136,"column":null}},"line":133},"10":{"name":"(anonymous_10)","decl":{"start":{"line":211,"column":30},"end":{"line":211,"column":31}},"loc":{"start":{"line":211,"column":64},"end":{"line":261,"column":null}},"line":211},"11":{"name":"(anonymous_11)","decl":{"start":{"line":231,"column":48},"end":{"line":231,"column":49}},"loc":{"start":{"line":232,"column":20},"end":{"line":250,"column":null}},"line":232},"12":{"name":"(anonymous_12)","decl":{"start":{"line":263,"column":55},"end":{"line":263,"column":56}},"loc":{"start":{"line":263,"column":75},"end":{"line":310,"column":null}},"line":263}},"branchMap":{"0":{"loc":{"start":{"line":24,"column":5},"end":{"line":30,"column":null}},"type":"if","locations":[{"start":{"line":24,"column":5},"end":{"line":30,"column":null}},{"start":{"line":26,"column":5},"end":{"line":30,"column":null}}],"line":24},"1":{"loc":{"start":{"line":26,"column":5},"end":{"line":30,"column":null}},"type":"if","locations":[{"start":{"line":26,"column":5},"end":{"line":30,"column":null}},{"start":{"line":28,"column":12},"end":{"line":30,"column":null}}],"line":26},"2":{"loc":{"start":{"line":42,"column":8},"end":{"line":53,"column":null}},"type":"if","locations":[{"start":{"line":42,"column":8},"end":{"line":53,"column":null}},{"start":{},"end":{}}],"line":42},"3":{"loc":{"start":{"line":48,"column":12},"end":{"line":52,"column":null}},"type":"if","locations":[{"start":{"line":48,"column":12},"end":{"line":52,"column":null}},{"start":{"line":50,"column":19},"end":{"line":52,"column":null}}],"line":48},"4":{"loc":{"start":{"line":81,"column":8},"end":{"line":92,"column":null}},"type":"if","locations":[{"start":{"line":81,"column":8},"end":{"line":92,"column":null}},{"start":{},"end":{}}],"line":81},"5":{"loc":{"start":{"line":200,"column":33},"end":{"line":200,"column":null}},"type":"binary-expr","locations":[{"start":{"line":200,"column":33},"end":{"line":200,"column":54}},{"start":{"line":200,"column":54},"end":{"line":200,"column":null}}],"line":200},"6":{"loc":{"start":{"line":264,"column":24},"end":{"line":264,"column":null}},"type":"binary-expr","locations":[{"start":{"line":264,"column":24},"end":{"line":264,"column":63}},{"start":{"line":264,"column":63},"end":{"line":264,"column":null}}],"line":264}},"s":{"0":0,"1":0,"2":0,"3":0,"4":0,"5":0,"6":0,"7":0,"8":0,"9":0,"10":0,"11":0,"12":0,"13":0,"14":0,"15":0,"16":0,"17":0,"18":0,"19":0,"20":0,"21":0,"22":0,"23":0,"24":0,"25":0,"26":0,"27":0,"28":0,"29":0,"30":0,"31":0,"32":0,"33":0,"34":0,"35":0,"36":0,"37":0,"38":0,"39":0,"40":0,"41":0,"42":0,"43":0,"44":0},"f":{"0":0,"1":0,"2":0,"3":0,"4":0,"5":0,"6":0,"7":0,"8":0,"9":0,"10":0,"11":0,"12":0},"b":{"0":[0,0],"1":[0,0],"2":[0,0],"3":[0,0],"4":[0,0],"5":[0,0],"6":[0,0]},"meta":{"lastBranch":7,"lastFunction":13,"lastStatement":45,"seen":{"s:10:47:16:Infinity":0,"s:19:25:35:Infinity":1,"f:19:25:19:31":0,"s:20:23:20:Infinity":2,"s:22:2:32:Infinity":3,"f:22:12:22:18":1,"b:24:5:30:Infinity:26:5:30:Infinity":0,"s:24:5:30:Infinity":4,"s:25:8:25:Infinity":5,"b:26:5:30:Infinity:28:12:30:Infinity":1,"s:26:5:30:Infinity":6,"s:27:8:27:Infinity":7,"s:29:8:29:Infinity":8,"s:31:5:31:Infinity":9,"s:34:2:34:Infinity":10,"s:38:21:70:Infinity":11,"f:38:21:38:22":2,"s:39:10:39:Infinity":12,"s:41:4:54:Infinity":13,"f:41:13:41:14":3,"b:42:8:53:Infinity:undefined:undefined:undefined:undefined":2,"s:42:8:53:Infinity":14,"s:44:22:44:Infinity":15,"s:45:12:45:Infinity":16,"b:48:12:52:Infinity:50:19:52:Infinity":3,"s:48:12:52:Infinity":17,"s:49:16:49:Infinity":18,"s:51:16:51:Infinity":19,"s:56:4:68:Infinity":20,"s:72:24:209:Infinity":21,"f:72:24:72:25":4,"s:73:10:73:Infinity":22,"s:76:10:76:Infinity":23,"f:76:27:76:33":5,"s:76:33:76:72":24,"s:77:10:77:Infinity":25,"f:77:29:77:35":6,"s:77:35:77:68":26,"s:79:4:93:Infinity":27,"f:79:13:79:14":7,"s:80:25:80:Infinity":28,"b:81:8:92:Infinity:undefined:undefined:undefined:undefined":4,"s:81:8:92:Infinity":29,"s:83:31:83:Infinity":30,"s:84:31:84:Infinity":31,"s:86:12:86:Infinity":32,"s:87:12:87:Infinity":33,"s:90:12:90:Infinity":34,"s:91:12:91:Infinity":35,"s:95:4:207:Infinity":36,"f:131:39:131:40":8,"s:132:24:137:Infinity":37,"f:132:42:132:43":9,"s:133:28:136:Infinity":38,"b:200:33:200:54:200:54:200:Infinity":5,"s:211:30:261:Infinity":39,"f:211:30:211:31":10,"s:212:4:259:Infinity":40,"f:231:48:231:49":11,"s:232:20:250:Infinity":41,"s:263:55:310:Infinity":42,"f:263:55:263:56":12,"s:264:24:264:Infinity":43,"b:264:24:264:63:264:63:264:Infinity":6,"s:266:4:308:Infinity":44}}}
,"/home/runner/work/SS-Personal-Portfolio-main/SS-Personal-Portfolio-main/components/Contact.tsx": {"path":"/home/runner/work/SS-Personal-Portfolio-main/SS-Personal-Portfolio-main/components/Contact.tsx","statementMap":{"0":{"start":{"line":6,"column":33},"end":{"line":96,"column":null}},"1":{"start":{"line":7,"column":2},"end":{"line":94,"column":null}}},"fnMap":{"0":{"name":"(anonymous_0)","decl":{"start":{"line":6,"column":33},"end":{"line":6,"column":39}},"loc":{"start":{"line":6,"column":39},"end":{"line":96,"column":null}},"line":6}},"branchMap":{},"s":{"0":0,"1":0},"f":{"0":0},"b":{},"meta":{"lastBranch":0,"lastFunction":1,"lastStatement":2,"seen":{"s:6:33:96:Infinity":0,"f:6:33:6:39":0,"s:7:2:94:Infinity":1}}}
,"/home/runner/work/SS-Personal-Portfolio-main/SS-Personal-Portfolio-main/components/Education.tsx": {"path":"/home/runner/work/SS-Personal-Portfolio-main/SS-Personal-Portfolio-main/components/Education.tsx","statementMap":{"0":{"start":{"line":7,"column":39},"end":{"line":32,"column":null}},"1":{"start":{"line":34,"column":35},"end":{"line":275,"column":null}},"2":{"start":{"line":35,"column":32},"end":{"line":35,"column":null}},"3":{"start":{"line":36,"column":20},"end":{"line":36,"column":null}},"4":{"start":{"line":36,"column":44},"end":{"line":36,"column":62}},"5":{"start":{"line":38,"column":16},"end":{"line":38,"column":null}},"6":{"start":{"line":39,"column":20},"end":{"line":39,"column":null}},"7":{"start":{"line":41,"column":2},"end":{"line":273,"column":null}},"8":{"start":{"line":69,"column":36},"end":{"line":69,"column":null}},"9":{"start":{"line":70,"column":37},"end":{"line":70,"column":null}},"10":{"start":{"line":71,"column":39},"end":{"line":71,"column":null}},"11":{"start":{"line":73,"column":19},"end":{"line":135,"column":null}},"12":{"start":{"line":80,"column":38},"end":{"line":80,"column":null}},"13":{"start":{"line":253,"column":44},"end":{"line":262,"column":null}}},"fnMap":{"0":{"name":"(anonymous_0)","decl":{"start":{"line":34,"column":35},"end":{"line":34,"column":41}},"loc":{"start":{"line":34,"column":41},"end":{"line":275,"column":null}},"line":34},"1":{"name":"(anonymous_1)","decl":{"start":{"line":36,"column":39},"end":{"line":36,"column":44}},"loc":{"start":{"line":36,"column":44},"end":{"line":36,"column":62}},"line":36},"2":{"name":"(anonymous_2)","decl":{"start":{"line":68,"column":35},"end":{"line":68,"column":36}},"loc":{"start":{"line":68,"column":52},"end":{"line":137,"column":17}},"line":68},"3":{"name":"(anonymous_3)","decl":{"start":{"line":80,"column":32},"end":{"line":80,"column":38}},"loc":{"start":{"line":80,"column":38},"end":{"line":80,"column":null}},"line":80},"4":{"name":"(anonymous_4)","decl":{"start":{"line":252,"column":62},"end":{"line":252,"column":63}},"loc":{"start":{"line":253,"column":44},"end":{"line":262,"column":null}},"line":253}},"branchMap":{"0":{"loc":{"start":{"line":36,"column":20},"end":{"line":36,"column":null}},"type":"binary-expr","locations":[{"start":{"line":36,"column":20},"end":{"line":36,"column":67}},{"start":{"line":36,"column":67},"end":{"line":36,"column":null}}],"line":36},"1":{"loc":{"start":{"line":39,"column":20},"end":{"line":39,"column":null}},"type":"binary-expr","locations":[{"start":{"line":39,"column":20},"end":{"line":39,"column":58}},{"start":{"line":39,"column":58},"end":{"line":39,"column":null}}],"line":39},"2":{"loc":{"start":{"line":71,"column":39},"end":{"line":71,"column":null}},"type":"cond-expr","locations":[{"start":{"line":71,"column":51},"end":{"line":71,"column":63}},{"start":{"line":71,"column":63},"end":{"line":71,"column":null}}],"line":71},"3":{"loc":{"start":{"line":82,"column":26},"end":{"line":84,"column":null}},"type":"cond-expr","locations":[{"start":{"line":83,"column":28},"end":{"line":83,"column":null}},{"start":{"line":84,"column":28},"end":{"line":84,"column":null}}],"line":82},"4":{"loc":{"start":{"line":90,"column":28},"end":{"line":92,"column":null}},"type":"cond-expr","locations":[{"start":{"line":91,"column":32},"end":{"line":91,"column":null}},{"start":{"line":92,"column":32},"end":{"line":92,"column":null}}],"line":90},"5":{"loc":{"start":{"line":94,"column":33},"end":{"line":97,"column":null}},"type":"cond-expr","locations":[{"start":{"line":94,"column":44},"end":{"line":97,"column":30}},{"start":{"line":97,"column":30},"end":{"line":97,"column":null}}],"line":94},"6":{"loc":{"start":{"line":104,"column":31},"end":{"line":104,"column":null}},"type":"cond-expr","locations":[{"start":{"line":104,"column":42},"end":{"line":104,"column":47}},{"start":{"line":104,"column":47},"end":{"line":104,"column":null}}],"line":104},"7":{"loc":{"start":{"line":106,"column":36},"end":{"line":106,"column":null}},"type":"cond-expr","locations":[{"start":{"line":106,"column":47},"end":{"line":106,"column":72}},{"start":{"line":106,"column":72},"end":{"line":106,"column":null}}],"line":106},"8":{"loc":{"start":{"line":113,"column":30},"end":{"line":113,"column":null}},"type":"cond-expr","locations":[{"start":{"line":113,"column":41},"end":{"line":113,"column":56}},{"start":{"line":113,"column":56},"end":{"line":113,"column":null}}],"line":113},"9":{"loc":{"start":{"line":129,"column":28},"end":{"line":131,"column":null}},"type":"cond-expr","locations":[{"start":{"line":130,"column":32},"end":{"line":130,"column":null}},{"start":{"line":131,"column":32},"end":{"line":131,"column":null}}],"line":129},"10":{"loc":{"start":{"line":133,"column":33},"end":{"line":133,"column":null}},"type":"cond-expr","locations":[{"start":{"line":133,"column":44},"end":{"line":133,"column":69}},{"start":{"line":133,"column":69},"end":{"line":133,"column":null}}],"line":133},"11":{"loc":{"start":{"line":176,"column":22},"end":{"line":178,"column":null}},"type":"cond-expr","locations":[{"start":{"line":177,"column":26},"end":{"line":177,"column":null}},{"start":{"line":178,"column":26},"end":{"line":178,"column":null}}],"line":176},"12":{"loc":{"start":{"line":182,"column":26},"end":{"line":184,"column":null}},"type":"cond-expr","locations":[{"start":{"line":183,"column":30},"end":{"line":183,"column":null}},{"start":{"line":184,"column":30},"end":{"line":184,"column":null}}],"line":182},"13":{"loc":{"start":{"line":188,"column":32},"end":{"line":196,"column":null}},"type":"cond-expr","locations":[{"start":{"line":189,"column":34},"end":{"line":192,"column":null}},{"start":{"line":194,"column":34},"end":{"line":196,"column":null}}],"line":188},"14":{"loc":{"start":{"line":202,"column":30},"end":{"line":202,"column":null}},"type":"cond-expr","locations":[{"start":{"line":202,"column":38},"end":{"line":202,"column":57}},{"start":{"line":202,"column":57},"end":{"line":202,"column":null}}],"line":202},"15":{"loc":{"start":{"line":205,"column":33},"end":{"line":205,"column":null}},"type":"cond-expr","locations":[{"start":{"line":205,"column":41},"end":{"line":205,"column":63}},{"start":{"line":205,"column":63},"end":{"line":205,"column":null}}],"line":205},"16":{"loc":{"start":{"line":205,"column":63},"end":{"line":205,"column":null}},"type":"cond-expr","locations":[{"start":{"line":205,"column":86},"end":{"line":205,"column":103}},{"start":{"line":205,"column":103},"end":{"line":205,"column":null}}],"line":205},"17":{"loc":{"start":{"line":235,"column":33},"end":{"line":235,"column":null}},"type":"cond-expr","locations":[{"start":{"line":235,"column":41},"end":{"line":235,"column":60}},{"start":{"line":235,"column":60},"end":{"line":235,"column":null}}],"line":235},"18":{"loc":{"start":{"line":238,"column":36},"end":{"line":238,"column":null}},"type":"cond-expr","locations":[{"start":{"line":238,"column":44},"end":{"line":238,"column":63}},{"start":{"line":238,"column":63},"end":{"line":238,"column":null}}],"line":238},"19":{"loc":{"start":{"line":246,"column":29},"end":{"line":265,"column":null}},"type":"binary-expr","locations":[{"start":{"line":246,"column":29},"end":{"line":246,"column":49}},{"start":{"line":246,"column":49},"end":{"line":246,"column":null}},{"start":{"line":247,"column":32},"end":{"line":265,"column":null}}],"line":246}},"s":{"0":0,"1":0,"2":0,"3":0,"4":0,"5":0,"6":0,"7":0,"8":0,"9":0,"10":0,"11":0,"12":0,"13":0},"f":{"0":0,"1":0,"2":0,"3":0,"4":0},"b":{"0":[0,0],"1":[0,0],"2":[0,0],"3":[0,0],"4":[0,0],"5":[0,0],"6":[0,0],"7":[0,0],"8":[0,0],"9":[0,0],"10":[0,0],"11":[0,0],"12":[0,0],"13":[0,0],"14":[0,0],"15":[0,0],"16":[0,0],"17":[0,0],"18":[0,0],"19":[0,0,0]},"meta":{"lastBranch":20,"lastFunction":5,"lastStatement":14,"seen":{"s:7:39:32:Infinity":0,"s:34:35:275:Infinity":1,"f:34:35:34:41":0,"s:35:32:35:Infinity":2,"s:36:20:36:Infinity":3,"b:36:20:36:67:36:67:36:Infinity":0,"f:36:39:36:44":1,"s:36:44:36:62":4,"s:38:16:38:Infinity":5,"s:39:20:39:Infinity":6,"b:39:20:39:58:39:58:39:Infinity":1,"s:41:2:273:Infinity":7,"f:68:35:68:36":2,"s:69:36:69:Infinity":8,"s:70:37:70:Infinity":9,"s:71:39:71:Infinity":10,"b:71:51:71:63:71:63:71:Infinity":2,"s:73:19:135:Infinity":11,"f:80:32:80:38":3,"s:80:38:80:Infinity":12,"b:83:28:83:Infinity:84:28:84:Infinity":3,"b:91:32:91:Infinity:92:32:92:Infinity":4,"b:94:44:97:30:97:30:97:Infinity":5,"b:104:42:104:47:104:47:104:Infinity":6,"b:106:47:106:72:106:72:106:Infinity":7,"b:113:41:113:56:113:56:113:Infinity":8,"b:130:32:130:Infinity:131:32:131:Infinity":9,"b:133:44:133:69:133:69:133:Infinity":10,"b:177:26:177:Infinity:178:26:178:Infinity":11,"b:183:30:183:Infinity:184:30:184:Infinity":12,"b:189:34:192:Infinity:194:34:196:Infinity":13,"b:202:38:202:57:202:57:202:Infinity":14,"b:205:41:205:63:205:63:205:Infinity":15,"b:205:86:205:103:205:103:205:Infinity":16,"b:235:41:235:60:235:60:235:Infinity":17,"b:238:44:238:63:238:63:238:Infinity":18,"b:246:29:246:49:246:49:246:Infinity:247:32:265:Infinity":19,"f:252:62:252:63":4,"s:253:44:262:Infinity":13}}}
,"/home/runner/work/SS-Personal-Portfolio-main/SS-Personal-Portfolio-main/components/Experience.tsx": {"path":"/home/runner/work/SS-Personal-Portfolio-main/SS-Personal-Portfolio-main/components/Experience.tsx","statementMap":{"0":{"start":{"line":12,"column":20},"end":{"line":69,"column":null}},"1":{"start":{"line":71,"column":19},"end":{"line":78,"column":null}},"2":{"start":{"line":84,"column":36},"end":{"line":225,"column":null}},"3":{"start":{"line":85,"column":4},"end":{"line":223,"column":null}},"4":{"start":{"line":118,"column":24},"end":{"line":131,"column":null}},"5":{"start":{"line":139,"column":20},"end":{"line":197,"column":null}},"6":{"start":{"line":179,"column":32},"end":{"line":182,"column":null}},"7":{"start":{"line":189,"column":32},"end":{"line":194,"column":null}},"8":{"start":{"line":214,"column":20},"end":{"line":220,"column":null}}},"fnMap":{"0":{"name":"(anonymous_0)","decl":{"start":{"line":84,"column":36},"end":{"line":84,"column":42}},"loc":{"start":{"line":84,"column":42},"end":{"line":225,"column":null}},"line":84},"1":{"name":"(anonymous_1)","decl":{"start":{"line":117,"column":36},"end":{"line":117,"column":37}},"loc":{"start":{"line":118,"column":24},"end":{"line":131,"column":null}},"line":118},"2":{"name":"(anonymous_2)","decl":{"start":{"line":138,"column":33},"end":{"line":138,"column":34}},"loc":{"start":{"line":139,"column":20},"end":{"line":197,"column":null}},"line":139},"3":{"name":"(anonymous_3)","decl":{"start":{"line":178,"column":49},"end":{"line":178,"column":50}},"loc":{"start":{"line":179,"column":32},"end":{"line":182,"column":null}},"line":179},"4":{"name":"(anonymous_4)","decl":{"start":{"line":188,"column":44},"end":{"line":188,"column":45}},"loc":{"start":{"line":189,"column":32},"end":{"line":194,"column":null}},"line":189},"5":{"name":"(anonymous_5)","decl":{"start":{"line":213,"column":22},"end":{"line":213,"column":23}},"loc":{"start":{"line":214,"column":20},"end":{"line":220,"column":null}},"line":214}},"branchMap":{"0":{"loc":{"start":{"line":165,"column":29},"end":{"line":169,"column":null}},"type":"binary-expr","locations":[{"start":{"line":165,"column":29},"end":{"line":165,"column":null}},{"start":{"line":166,"column":32},"end":{"line":169,"column":null}}],"line":165}},"s":{"0":0,"1":0,"2":0,"3":0,"4":0,"5":0,"6":0,"7":0,"8":0},"f":{"0":0,"1":0,"2":0,"3":0,"4":0,"5":0},"b":{"0":[0,0]},"meta":{"lastBranch":1,"lastFunction":6,"lastStatement":9,"seen":{"s:12:20:69:Infinity":0,"s:71:19:78:Infinity":1,"s:84:36:225:Infinity":2,"f:84:36:84:42":0,"s:85:4:223:Infinity":3,"f:117:36:117:37":1,"s:118:24:131:Infinity":4,"f:138:33:138:34":2,"s:139:20:197:Infinity":5,"b:165:29:165:Infinity:166:32:169:Infinity":0,"f:178:49:178:50":3,"s:179:32:182:Infinity":6,"f:188:44:188:45":4,"s:189:32:194:Infinity":7,"f:213:22:213:23":5,"s:214:20:220:Infinity":8}}}
,"/home/runner/work/SS-Personal-Portfolio-main/SS-Personal-Portfolio-main/components/GlassCard.tsx": {"path":"/home/runner/work/SS-Personal-Portfolio-main/SS-Personal-Portfolio-main/components/GlassCard.tsx","statementMap":{"0":{"start":{"line":11,"column":25},"end":{"line":49,"column":null}},"1":{"start":{"line":17,"column":32},"end":{"line":17,"column":null}},"2":{"start":{"line":19,"column":2},"end":{"line":47,"column":null}},"3":{"start":{"line":26,"column":26},"end":{"line":26,"column":null}},"4":{"start":{"line":27,"column":26},"end":{"line":27,"column":null}},"5":{"start":{"line":51,"column":0},"end":{"line":51,"column":null}}},"fnMap":{"0":{"name":"(anonymous_0)","decl":{"start":{"line":11,"column":74},"end":{"line":11,"column":75}},"loc":{"start":{"line":16,"column":11},"end":{"line":49,"column":1}},"line":16},"1":{"name":"(anonymous_1)","decl":{"start":{"line":26,"column":20},"end":{"line":26,"column":26}},"loc":{"start":{"line":26,"column":26},"end":{"line":26,"column":null}},"line":26},"2":{"name":"(anonymous_2)","decl":{"start":{"line":27,"column":20},"end":{"line":27,"column":26}},"loc":{"start":{"line":27,"column":26},"end":{"line":27,"column":null}},"line":27}},"branchMap":{"0":{"loc":{"start":{"line":13,"column":2},"end":{"line":13,"column":null}},"type":"default-arg","locations":[{"start":{"line":13,"column":14},"end":{"line":13,"column":null}}],"line":13},"1":{"loc":{"start":{"line":14,"column":2},"end":{"line":14,"column":null}},"type":"default-arg","locations":[{"start":{"line":14,"column":10},"end":{"line":14,"column":null}}],"line":14},"2":{"loc":{"start":{"line":15,"column":2},"end":{"line":15,"column":null}},"type":"default-arg","locations":[{"start":{"line":15,"column":16},"end":{"line":15,"column":null}}],"line":15},"3":{"loc":{"start":{"line":39,"column":9},"end":{"line":45,"column":null}},"type":"binary-expr","locations":[{"start":{"line":39,"column":9},"end":{"line":39,"column":null}},{"start":{"line":40,"column":12},"end":{"line":45,"column":null}}],"line":39},"4":{"loc":{"start":{"line":43,"column":36},"end":{"line":43,"column":54}},"type":"cond-expr","locations":[{"start":{"line":43,"column":48},"end":{"line":43,"column":52}},{"start":{"line":43,"column":52},"end":{"line":43,"column":54}}],"line":43}},"s":{"0":0,"1":0,"2":0,"3":0,"4":0,"5":0},"f":{"0":0,"1":0,"2":0},"b":{"0":[0],"1":[0],"2":[0],"3":[0,0],"4":[0,0]},"meta":{"lastBranch":5,"lastFunction":3,"lastStatement":6,"seen":{"s:11:25:49:Infinity":0,"f:11:74:11:75":0,"b:13:14:13:Infinity":0,"b:14:10:14:Infinity":1,"b:15:16:15:Infinity":2,"s:17:32:17:Infinity":1,"s:19:2:47:Infinity":2,"f:26:20:26:26":1,"s:26:26:26:Infinity":3,"f:27:20:27:26":2,"s:27:26:27:Infinity":4,"b:39:9:39:Infinity:40:12:45:Infinity":3,"b:43:48:43:52:43:52:43:54":4,"s:51:0:51:Infinity":5}}}
,"/home/runner/work/SS-Personal-Portfolio-main/SS-Personal-Portfolio-main/components/Hero.tsx": {"path":"/home/runner/work/SS-Personal-Portfolio-main/SS-Personal-Portfolio-main/components/Hero.tsx","statementMap":{"0":{"start":{"line":9,"column":19},"end":{"line":37,"column":null}},"1":{"start":{"line":40,"column":16},"end":{"line":53,"column":null}},"2":{"start":{"line":41,"column":8},"end":{"line":41,"column":null}},"3":{"start":{"line":42,"column":8},"end":{"line":42,"column":null}},"4":{"start":{"line":42,"column":50},"end":{"line":42,"column":77}},"5":{"start":{"line":43,"column":8},"end":{"line":43,"column":null}},"6":{"start":{"line":44,"column":8},"end":{"line":44,"column":null}},"7":{"start":{"line":46,"column":2},"end":{"line":50,"column":null}},"8":{"start":{"line":47,"column":4},"end":{"line":49,"column":null}},"9":{"start":{"line":48,"column":6},"end":{"line":48,"column":null}},"10":{"start":{"line":52,"column":2},"end":{"line":52,"column":null}},"11":{"start":{"line":56,"column":24},"end":{"line":77,"column":null}},"12":{"start":{"line":57,"column":16},"end":{"line":57,"column":null}},"13":{"start":{"line":58,"column":15},"end":{"line":58,"column":null}},"14":{"start":{"line":60,"column":2},"end":{"line":75,"column":null}},"15":{"start":{"line":80,"column":30},"end":{"line":473,"column":null}},"16":{"start":{"line":81,"column":30},"end":{"line":81,"column":null}},"17":{"start":{"line":82,"column":36},"end":{"line":82,"column":null}},"18":{"start":{"line":83,"column":44},"end":{"line":83,"column":null}},"19":{"start":{"line":84,"column":36},"end":{"line":84,"column":null}},"20":{"start":{"line":86,"column":2},"end":{"line":88,"column":null}},"21":{"start":{"line":87,"column":4},"end":{"line":87,"column":null}},"22":{"start":{"line":91,"column":2},"end":{"line":104,"column":null}},"23":{"start":{"line":92,"column":21},"end":{"line":101,"column":null}},"24":{"start":{"line":93,"column":6},"end":{"line":100,"column":null}},"25":{"start":{"line":94,"column":29},"end":{"line":94,"column":null}},"26":{"start":{"line":95,"column":8},"end":{"line":98,"column":null}},"27":{"start":{"line":96,"column":10},"end":{"line":96,"column":null}},"28":{"start":{"line":96,"column":25},"end":{"line":96,"column":57}},"29":{"start":{"line":97,"column":10},"end":{"line":97,"column":null}},"30":{"start":{"line":99,"column":8},"end":{"line":99,"column":null}},"31":{"start":{"line":103,"column":4},"end":{"line":103,"column":null}},"32":{"start":{"line":103,"column":17},"end":{"line":103,"column":null}},"33":{"start":{"line":106,"column":23},"end":{"line":106,"column":null}},"34":{"start":{"line":108,"column":2},"end":{"line":471,"column":null}},"35":{"start":{"line":204,"column":20},"end":{"line":219,"column":null}},"36":{"start":{"line":256,"column":18},"end":{"line":274,"column":null}},"37":{"start":{"line":330,"column":18},"end":{"line":341,"column":null}},"38":{"start":{"line":397,"column":36},"end":{"line":397,"column":null}}},"fnMap":{"0":{"name":"(anonymous_0)","decl":{"start":{"line":40,"column":16},"end":{"line":40,"column":17}},"loc":{"start":{"line":40,"column":80},"end":{"line":53,"column":null}},"line":40},"1":{"name":"(anonymous_1)","decl":{"start":{"line":42,"column":38},"end":{"line":42,"column":39}},"loc":{"start":{"line":42,"column":50},"end":{"line":42,"column":77}},"line":42},"2":{"name":"(anonymous_2)","decl":{"start":{"line":46,"column":12},"end":{"line":46,"column":18}},"loc":{"start":{"line":46,"column":18},"end":{"line":50,"column":5}},"line":46},"3":{"name":"(anonymous_3)","decl":{"start":{"line":56,"column":24},"end":{"line":56,"column":25}},"loc":{"start":{"line":56,"column":112},"end":{"line":77,"column":null}},"line":56},"4":{"name":"(anonymous_4)","decl":{"start":{"line":80,"column":30},"end":{"line":80,"column":36}},"loc":{"start":{"line":80,"column":36},"end":{"line":473,"column":null}},"line":80},"5":{"name":"(anonymous_5)","decl":{"start":{"line":86,"column":12},"end":{"line":86,"column":18}},"loc":{"start":{"line":86,"column":18},"end":{"line":88,"column":5}},"line":86},"6":{"name":"(anonymous_6)","decl":{
[...]
":21},"end":{"line":92,"column":null}},"type":"binary-expr","locations":[{"start":{"line":86,"column":21},"end":{"line":86,"column":null}},{"start":{"line":87,"column":23},"end":{"line":92,"column":null}}],"line":86},"5":{"loc":{"start":{"line":98,"column":22},"end":{"line":104,"column":null}},"type":"binary-expr","locations":[{"start":{"line":98,"column":22},"end":{"line":98,"column":null}},{"start":{"line":99,"column":22},"end":{"line":104,"column":null}}],"line":98},"6":{"loc":{"start":{"line":106,"column":22},"end":{"line":114,"column":null}},"type":"binary-expr","locations":[{"start":{"line":106,"column":22},"end":{"line":106,"column":null}},{"start":{"line":107,"column":22},"end":{"line":114,"column":null}}],"line":106},"7":{"loc":{"start":{"line":121,"column":25},"end":{"line":121,"column":null}},"type":"cond-expr","locations":[{"start":{"line":121,"column":47},"end":{"line":121,"column":96}},{"start":{"line":121,"column":96},"end":{"line":121,"column":null}}],"line":121},"8":{"loc":{"start":{"line":122,"column":25},"end":{"line":122,"column":null}},"type":"cond-expr","locations":[{"start":{"line":122,"column":47},"end":{"line":122,"column":59}},{"start":{"line":122,"column":59},"end":{"line":122,"column":null}}],"line":122},"9":{"loc":{"start":{"line":128,"column":52},"end":{"line":128,"column":89}},"type":"cond-expr","locations":[{"start":{"line":128,"column":76},"end":{"line":128,"column":83}},{"start":{"line":128,"column":83},"end":{"line":128,"column":89}}],"line":128},"10":{"loc":{"start":{"line":131,"column":100},"end":{"line":131,"column":141}},"type":"cond-expr","locations":[{"start":{"line":131,"column":124},"end":{"line":131,"column":139}},{"start":{"line":131,"column":139},"end":{"line":131,"column":141}}],"line":131},"11":{"loc":{"start":{"line":139,"column":17},"end":{"line":156,"column":null}},"type":"binary-expr","locations":[{"start":{"line":139,"column":17},"end":{"line":139,"column":null}},{"start":{"line":140,"column":18},"end":{"line":156,"column":null}}],"line":139}},"s":{"0":0,"1":0,"2":0,"3":0,"4":0,"5":0,"6":0,"7":0,"8":0,"9":0,"10":0,"11":0,"12":0,"13":0,"14":0,"15":0},"f":{"0":0,"1":0,"2":0,"3":0,"4":0,"5":0,"6":0,"7":0},"b":{"0":[0,0],"1":[0,0],"2":[0,0],"3":[0,0],"4":[0,0],"5":[0,0],"6":[0,0],"7":[0,0],"8":[0,0],"9":[0,0],"10":[0,0],"11":[0,0]},"meta":{"lastBranch":12,"lastFunction":8,"lastStatement":16,"seen":{"s:6:45:165:Infinity":0,"f:6:45:6:51":0,"s:7:30:7:Infinity":1,"s:8:34:8:Infinity":2,"s:10:29:21:Infinity":3,"f:10:29:10:30":1,"s:12:21:16:Infinity":4,"s:18:4:18:Infinity":5,"s:19:4:19:Infinity":6,"s:20:4:20:Infinity":7,"f:20:15:20:21":2,"s:20:21:20:40":8,"s:23:8:23:Infinity":9,"s:25:2:163:Infinity":10,"f:46:28:46:29":3,"s:47:12:159:Infinity":11,"b:59:83:59:102:59:102:59:118":0,"f:71:37:71:38":4,"s:72:22:74:Infinity":12,"b:72:74:72:101:72:101:72:Infinity":1,"b:73:62:73:69:73:69:73:Infinity":2,"b:81:21:81:Infinity:82:22:84:Infinity":3,"b:86:21:86:Infinity:87:23:92:Infinity":4,"b:98:22:98:Infinity:99:22:104:Infinity":5,"b:106:22:106:Infinity:107:22:114:Infinity":6,"f:118:33:118:39":5,"s:118:39:118:Infinity":13,"b:121:47:121:96:121:96:121:Infinity":7,"b:122:47:122:59:122:59:122:Infinity":8,"f:128:32:128:38":6,"s:128:38:128:Infinity":14,"b:128:76:128:83:128:83:128:89":9,"b:131:124:131:139:131:139:131:141":10,"b:139:17:139:Infinity:140:18:156:Infinity":11,"f:149:40:149:Infinity":7,"s:150:28:152:Infinity":15}}}
,"/home/runner/work/SS-Personal-Portfolio-main/SS-Personal-Portfolio-main/components/research/ResearchBento.tsx": {"path":"/home/runner/work/SS-Personal-Portfolio-main/SS-Personal-Portfolio-main/components/research/ResearchBento.tsx","statementMap":{"0":{"start":{"line":6,"column":41},"end":{"line":99,"column":null}},"1":{"start":{"line":7,"column":38},"end":{"line":7,"column":null}},"2":{"start":{"line":9,"column":2},"end":{"line":97,"column":null}},"3":{"start":{"line":29,"column":12},"end":{"line":93,"column":null}},"4":{"start":{"line":35,"column":34},"end":{"line":35,"column":null}},"5":{"start":{"line":36,"column":32},"end":{"line":36,"column":null}},"6":{"start":{"line":61,"column":23},"end":{"line":64,"column":null}},"7":{"start":{"line":75,"column":35},"end":{"line":77,"column":null}},"8":{"start":{"line":85,"column":35},"end":{"line":87,"column":null}}},"fnMap":{"0":{"name":"(anonymous_0)","decl":{"start":{"line":6,"column":41},"end":{"line":6,"column":47}},"loc":{"start":{"line":6,"column":47},"end":{"line":99,"column":null}},"line":6},"1":{"name":"(anonymous_1)","decl":{"start":{"line":28,"column":31},"end":{"line":28,"column":32}},"loc":{"start":{"line":29,"column":12},"end":{"line":93,"column":null}},"line":29},"2":{"name":"(anonymous_2)","decl":{"start":{"line":35,"column":28},"end":{"line":35,"column":34}},"loc":{"start":{"line":35,"column":34},"end":{"line":35,"column":null}},"line":35},"3":{"name":"(anonymous_3)","decl":{"start":{"line":36,"column":26},"end":{"line":36,"column":32}},"loc":{"start":{"line":36,"column":32},"end":{"line":36,"column":null}},"line":36},"4":{"name":"(anonymous_4)","decl":{"start":{"line":60,"column":39},"end":{"line":60,"column":40}},"loc":{"start":{"line":61,"column":23},"end":{"line":64,"column":null}},"line":61},"5":{"name":"(anonymous_5)","decl":{"start":{"line":74,"column":49},"end":{"line":74,"column":null}},"loc":{"start":{"line":75,"column":35},"end":{"line":77,"column":null}},"line":75},"6":{"name":"(anonymous_6)","decl":{"start":{"line":84,"column":54},"end":{"line":84,"column":null}},"loc":{"start":{"line":85,"column":35},"end":{"line":87,"column":null}},"line":85}},"branchMap":{},"s":{"0":0,"1":0,"2":0,"3":0,"4":0,"5":0,"6":0,"7":0,"8":0},"f":{"0":0,"1":0,"2":0,"3":0,"4":0,"5":0,"6":0},"b":{},"meta":{"lastBranch":0,"lastFunction":7,"lastStatement":9,"seen":{"s:6:41:99:Infinity":0,"f:6:41:6:47":0,"s:7:38:7:Infinity":1,"s:9:2:97:Infinity":2,"f:28:31:28:32":1,"s:29:12:93:Infinity":3,"f:35:28:35:34":2,"s:35:34:35:Infinity":4,"f:36:26:36:32":3,"s:36:32:36:Infinity":5,"f:60:39:60:40":4,"s:61:23:64:Infinity":6,"f:74:49:74:Infinity":5,"s:75:35:77:Infinity":7,"f:84:54:84:Infinity":6,"s:85:35:87:Infinity":8}}}
,"/home/runner/work/SS-Personal-Portfolio-main/SS-Personal-Portfolio-main/components/research/ResearchHero.tsx": {"path":"/home/runner/work/SS-Personal-Portfolio-main/SS-Personal-Portfolio-main/components/research/ResearchHero.tsx","statementMap":{"0":{"start":{"line":5,"column":21},"end":{"line":64,"column":null}},"1":{"start":{"line":7,"column":18},"end":{"line":12,"column":null}},"2":{"start":{"line":14,"column":18},"end":{"line":19,"column":null}},"3":{"start":{"line":21,"column":4},"end":{"line":62,"column":null}},"4":{"start":{"line":25,"column":34},"end":{"line":25,"column":null}},"5":{"start":{"line":25,"column":50},"end":{"line":25,"column":68}},"6":{"start":{"line":26,"column":34},"end":{"line":26,"column":null}},"7":{"start":{"line":26,"column":50},"end":{"line":26,"column":66}},"8":{"start":{"line":27,"column":20},"end":{"line":39,"column":null}},"9":{"start":{"line":50,"column":20},"end":{"line":59,"column":null}},"10":{"start":{"line":66,"column":38},"end":{"line":151,"column":null}},"11":{"start":{"line":67,"column":2},"end":{"line":149,"column":null}},"12":{"start":{"line":115,"column":20},"end":{"line":117,"column":null}}},"fnMap":{"0":{"name":"(anonymous_0)","decl":{"start":{"line":5,"column":21},"end":{"line":5,"column":27}},"loc":{"start":{"line":5,"column":27},"end":{"line":64,"column":null}},"line":5},"1":{"name":"(anonymous_1)","decl":{"start":{"line":24,"column":27},"end":{"line":24,"column":28}},"loc":{"start":{"line":24,"column":40},"end":{"line":41,"column":17}},"line":24},"2":{"name":"(anonymous_2)","decl":{"start":{"line":25,"column":45},"end":{"line":25,"column":50}},"loc":{"start":{"line":25,"column":50},"end":{"line":25,"column":68}},"line":25},"3":{"name":"(anonymous_3)","decl":{"start":{"line":26,"column":45},"end":{"line":26,"column":50}},"loc":{"start":{"line":26,"column":50},"end":{"line":26,"column":66}},"line":26},"4":{"name":"(anonymous_4)","decl":{"start":{"line":49,"column":27},"end":{"line":49,"column":28}},"loc":{"start":{"line":50,"column":20},"end":{"line":59,"column":null}},"line":50},"5":{"name":"(anonymous_5)","decl":{"start":{"line":66,"column":38},"end":{"line":66,"column":44}},"loc":{"start":{"line":66,"column":44},"end":{"line":151,"column":null}},"line":66},"6":{"name":"(anonymous_6)","decl":{"start":{"line":114,"column":105},"end":{"line":114,"column":106}},"loc":{"start":{"line":115,"column":20},"end":{"line":117,"column":null}},"line":115}},"branchMap":{},"s":{"0":0,"1":0,"2":0,"3":0,"4":0,"5":0,"6":0,"7":0,"8":0,"9":0,"10":0,"11":0,"12":0},"f":{"0":0,"1":0,"2":0,"3":0,"4":0,"5":0,"6":0},"b":{},"meta":{"lastBranch":0,"lastFunction":7,"lastStatement":13,"seen":{"s:5:21:64:Infinity":0,"f:5:21:5:27":0,"s:7:18:12:Infinity":1,"s:14:18:19:Infinity":2,"s:21:4:62:Infinity":3,"f:24:27:24:28":1,"s:25:34:25:Infinity":4,"f:25:45:25:50":2,"s:25:50:25:68":5,"s:26:34:26:Infinity":6,"f:26:45:26:50":3,"s:26:50:26:66":7,"s:27:20:39:Infinity":8,"f:49:27:49:28":4,"s:50:20:59:Infinity":9,"s:66:38:151:Infinity":10,"f:66:38:66:44":5,"s:67:2:149:Infinity":11,"f:114:105:114:106":6,"s:115:20:117:Infinity":12}}}
,"/home/runner/work/SS-Personal-Portfolio-main/SS-Personal-Portfolio-main/components/research/ResearchMetrics.tsx": {"path":"/home/runner/work/SS-Personal-Portfolio-main/SS-Personal-Portfolio-main/components/research/ResearchMetrics.tsx","statementMap":{"0":{"start":{"line":6,"column":16},"end":{"line":19,"column":null}},"1":{"start":{"line":7,"column":8},"end":{"line":7,"column":null}},"2":{"start":{"line":8,"column":8},"end":{"line":8,"column":null}},"3":{"start":{"line":8,"column":50},"end":{"line":8,"column":86}},"4":{"start":{"line":9,"column":8},"end":{"line":9,"column":null}},"5":{"start":{"line":10,"column":8},"end":{"line":10,"column":null}},"6":{"start":{"line":12,"column":2},"end":{"line":16,"column":null}},"7":{"start":{"line":13,"column":4},"end":{"line":15,"column":null}},"8":{"start":{"line":14,"column":6},"end":{"line":14,"column":null}},"9":{"start":{"line":18,"column":2},"end":{"line":18,"column":null}},"10":{"start":{"line":21,"column":16},"end":{"line":26,"column":null}},"11":{"start":{"line":28,"column":41},"end":{"line":63,"column":null}},"12":{"start":{"line":29,"column":2},"end":{"line":61,"column":null}},"13":{"start":{"line":34,"column":12},"end":{"line":57,"column":null}}},"fnMap":{"0":{"name":"(anonymous_0)","decl":{"start":{"line":6,"column":16},"end":{"line":6,"column":17}},"loc":{"start":{"line":6,"column":110},"end":{"line":19,"column":null}},"line":6},"1":{"name":"(anonymous_1)","decl":{"start":{"line":8,"column":38},"end":{"line":8,"column":39}},"loc":{"start":{"line":8,"column":50},"end":{"line":8,"column":86}},"line":8},"2":{"name":"(anonymous_2)","decl":{"start":{"line":12,"column":12},"end":{"line":12,"column":18}},"loc":{"start":{"line":12,"column":18},"end":{"line":16,"column":5}},"line":12},"3":{"name":"(anonymous_3)","decl":{"start":{"line":28,"column":41},"end":{"line":28,"column":47}},"loc":{"start":{"line":28,"column":47},"end":{"line":63,"column":null}},"line":28},"4":{"name":"(anonymous_4)","decl":{"start":{"line":33,"column":23},"end":{"line":33,"column":24}},"loc":{"start":{"line":34,"column":12},"end":{"line":57,"column":null}},"line":34}},"branchMap":{"0":{"loc":{"start":{"line":6,"column":26},"end":{"line":6,"column":39}},"type":"default-arg","locations":[{"start":{"line":6,"column":35},"end":{"line":6,"column":39}}],"line":6},"1":{"loc":{"start":{"line":6,"column":39},"end":{"line":6,"column":51}},"type":"default-arg","locations":[{"start":{"line":6,"column":48},"end":{"line":6,"column":51}}],"line":6},"2":{"loc":{"start":{"line":13,"column":4},"end":{"line":15,"column":null}},"type":"if","locations":[{"start":{"line":13,"column":4},"end":{"line":15,"column":null}},{"start":{},"end":{}}],"line":13}},"s":{"0":0,"1":0,"2":0,"3":0,"4":0,"5":0,"6":0,"7":0,"8":0,"9":0,"10":0,"11":0,"12":0,"13":0},"f":{"0":0,"1":0,"2":0,"3":0,"4":0},"b":{"0":[0],"1":[0],"2":[0,0]},"meta":{"lastBranch":3,"lastFunction":5,"lastStatement":14,"seen":{"s:6:16:19:Infinity":0,"f:6:16:6:17":0,"b:6:35:6:39":0,"b:6:48:6:51":1,"s:7:8:7:Infinity":1,"s:8:8:8:Infinity":2,"f:8:38:8:39":1,"s:8:50:8:86":3,"s:9:8:9:Infinity":4,"s:10:8:10:Infinity":5,"s:12:2:16:Infinity":6,"f:12:12:12:18":2,"b:13:4:15:Infinity:undefined:undefined:undefined:undefined":2,"s:13:4:15:Infinity":7,"s:14:6:14:Infinity":8,"s:18:2:18:Infinity":9,"s:21:16:26:Infinity":10,"s:28:41:63:Infinity":11,"f:28:41:28:47":3,"s:29:2:61:Infinity":12,"f:33:23:33:24":4,"s:34:12:57:Infinity":13}}}
,"/home/runner/work/SS-Personal-Portfolio-main/SS-Personal-Portfolio-main/components/research/ResearchPipeline.tsx": {"path":"/home/runner/work/SS-Personal-Portfolio-main/SS-Personal-Portfolio-main/components/research/ResearchPipeline.tsx","statementMap":{"0":{"start":{"line":6,"column":42},"end":{"line":88,"column":null}},"1":{"start":{"line":7,"column":34},"end":{"line":7,"column":null}},"2":{"start":{"line":9,"column":2},"end":{"line":86,"column":null}},"3":{"start":{"line":32,"column":14},"end":{"line":81,"column":null}},"4":{"start":{"line":38,"column":36},"end":{"line":38,"column":null}},"5":{"start":{"line":39,"column":34},"end":{"line":39,"column":null}},"6":{"start":{"line":66,"column":20},"end":{"line":71,"column":null}}},"fnMap":{"0":{"name":"(anonymous_0)","decl":{"start":{"line":6,"column":42},"end":{"line":6,"column":48}},"loc":{"start":{"line":6,"column":48},"end":{"line":88,"column":null}},"line":6},"1":{"name":"(anonymous_1)","decl":{"start":{"line":31,"column":34},"end":{"line":31,"column":35}},"loc":{"start":{"line":32,"column":14},"end":{"line":81,"column":null}},"line":32},"2":{"name":"(anonymous_2)","decl":{"start":{"line":38,"column":30},"end":{"line":38,"column":36}},"loc":{"start":{"line":38,"column":36},"end":{"line":38,"column":null}},"line":38},"3":{"name":"(anonymous_3)","decl":{"start":{"line":39,"column":28},"end":{"line":39,"column":34}},"loc":{"start":{"line":39,"column":34},"end":{"line":39,"column":null}},"line":39},"4":{"name":"(anonymous_4)","decl":{"start":{"line":65,"column":34},"end":{"line":65,"column":35}},"loc":{"start":{"line":66,"column":20},"end":{"line":71,"column":null}},"line":66}},"branchMap":{"0":{"loc":{"start":{"line":76,"column":17},"end":{"line":79,"column":null}},"type":"binary-expr","locations":[{"start":{"line":76,"column":17},"end":{"line":76,"column":null}},{"start":{"line":77,"column":18},"end":{"line":79,"column":null}}],"line":76}},"s":{"0":0,"1":0,"2":0,"3":0,"4":0,"5":0,"6":0},"f":{"0":0,"1":0,"2":0,"3":0,"4":0},"b":{"0":[0,0]},"meta":{"lastBranch":1,"lastFunction":5,"lastStatement":7,"seen":{"s:6:42:88:Infinity":0,"f:6:42:6:48":0,"s:7:34:7:Infinity":1,"s:9:2:86:Infinity":2,"f:31:34:31:35":1,"s:32:14:81:Infinity":3,"f:38:30:38:36":2,"s:38:36:38:Infinity":4,"f:39:28:39:34":3,"s:39:34:39:Infinity":5,"f:65:34:65:35":4,"s:66:20:71:Infinity":6,"b:76:17:76:Infinity:77:18:79:Infinity":0}}}
,"/home/runner/work/SS-Personal-Portfolio-main/SS-Personal-Portfolio-main/components/research/ResearchTimeline.tsx": {"path":"/home/runner/work/SS-Personal-Portfolio-main/SS-Personal-Portfolio-main/components/research/ResearchTimeline.tsx","statementMap":{"0":{"start":{"line":5,"column":23},"end":{"line":48,"column":null}},"1":{"start":{"line":50,"column":42},"end":{"line":133,"column":null}},"2":{"start":{"line":51,"column":2},"end":{"line":131,"column":null}},"3":{"start":{"line":74,"column":14},"end":{"line":126,"column":null}}},"fnMap":{"0":{"name":"(anonymous_0)","decl":{"start":{"line":50,"column":42},"end":{"line":50,"column":48}},"loc":{"start":{"line":50,"column":48},"end":{"line":133,"column":null}},"line":50},"1":{"name":"(anonymous_1)","decl":{"start":{"line":73,"column":32},"end":{"line":73,"column":33}},"loc":{"start":{"line":74,"column":14},"end":{"line":126,"column":null}},"line":74}},"branchMap":{"0":{"loc":{"start":{"line":81,"column":18},"end":{"line":81,"column":null}},"type":"cond-expr","locations":[{"start":{"line":81,"column":36},"end":{"line":81,"column":52}},{"start":{"line":81,"column":52},"end":{"line":81,"column":null}}],"line":81},"1":{"loc":{"start":{"line":85,"column":56},"end":{"line":85,"column":111}},"type":"cond-expr","locations":[{"start":{"line":85,"column":74},"end":{"line":85,"column":101}},{"start":{"line":85,"column":101},"end":{"line":85,"column":111}}],"line":85},"2":{"loc":{"start":{"line":87,"column":68},"end":{"line":87,"column":107}},"type":"cond-expr","locations":[{"start":{"line":87,"column":86},"end":{"line":87,"column":105}},{"start":{"line":87,"column":105},"end":{"line":87,"column":107}}],"line":87},"3":{"loc":{"start":{"line":90,"column":24},"end":{"line":93,"column":null}},"type":"cond-expr","locations":[{"start":{"line":90,"column":53},"end":{"line":90,"column":null}},{"start":{"line":91,"column":24},"end":{"line":93,"column":null}}],"line":90},"4":{"loc":{"start":{"line":91,"column":24},"end":{"line":93,"column":null}},"type":"cond-expr","locations":[{"start":{"line":91,"column":48},"end":{"line":91,"column":null}},{"start":{"line":92,"column":24},"end":{"line":93,"column":null}}],"line":91},"5":{"loc":{"start":{"line":92,"column":24},"end":{"line":93,"column":null}},"type":"cond-expr","locations":[{"start":{"line":92,"column":53},"end":{"line":92,"column":null}},{"start":{"line":93,"column":24},"end":{"line":93,"column":null}}],"line":92},"6":{"loc":{"start":{"line":115,"column":22},"end":{"line":117,"column":null}},"type":"cond-expr","locations":[{"start":{"line":116,"column":26},"end":{"line":116,"column":null}},{"start":{"line":117,"column":26},"end":{"line":117,"column":null}}],"line":115}},"s":{"0":0,"1":0,"2":0,"3":0},"f":{"0":0,"1":0},"b":{"0":[0,0],"1":[0,0],"2":[0,0],"3":[0,0],"4":[0,0],"5":[0,0],"6":[0,0]},"meta":{"lastBranch":7,"lastFunction":2,"lastStatement":4,"seen":{"s:5:23:48:Infinity":0,"s:50:42:133:Infinity":1,"f:50:42:50:48":0,"s:51:2:131:Infinity":2,"f:73:32:73:33":1,"s:74:14:126:Infinity":3,"b:81:36:81:52:81:52:81:Infinity":0,"b:85:74:85:101:85:101:85:111":1,"b:87:86:87:105:87:105:87:107":2,"b:90:53:90:Infinity:91:24:93:Infinity":3,"b:91:48:91:Infinity:92:24:93:Infinity":4,"b:92:53:92:Infinity:93:24:93:Infinity":5,"b:116:26:116:Infinity:117:26:117:Infinity":6}}}
,"/home/runner/work/SS-Personal-Portfolio-main/SS-Personal-Portfolio-main/components/research/TechStack.tsx": {"path":"/home/runner/work/SS-Personal-Portfolio-main/SS-Personal-Portfolio-main/components/research/TechStack.tsx","statementMap":{"0":{"start":{"line":5,"column":35},"end":{"line":68,"column":null}},"1":{"start":{"line":6,"column":2},"end":{"line":66,"column":null}},"2":{"start":{"line":25,"column":12},"end":{"line":62,"column":null}},"3":{"start":{"line":45,"column":18},"end":{"line":59,"column":null}}},"fnMap":{"0":{"name":"(anonymous_0)","decl":{"start":{"line":5,"column":35},"end":{"line":5,"column":41}},"loc":{"start":{"line":5,"column":41},"end":{"line":68,"column":null}},"line":5},"1":{"name":"(anonymous_1)","decl":{"start":{"line":24,"column":25},"end":{"line":24,"column":26}},"loc":{"start":{"line":25,"column":12},"end":{"line":62,"column":null}},"line":25},"2":{"name":"(anonymous_2)","decl":{"start":{"line":44,"column":33},"end":{"line":44,"column":34}},"loc":{"start":{"line":45,"column":18},"end":{"line":59,"column":null}},"line":45}},"branchMap":{"0":{"loc":{"start":{"line":53,"column":21},"end":{"line":56,"column":null}},"type":"binary-expr","locations":[{"start":{"line":53,"column":21},"end":{"line":53,"column":null}},{"start":{"line":54,"column":22},"end":{"line":56,"column":null}}],"line":53}},"s":{"0":0,"1":0,"2":0,"3":0},"f":{"0":0,"1":0,"2":0},"b":{"0":[0,0]},"meta":{"lastBranch":1,"lastFunction":3,"lastStatement":4,"seen":{"s:5:35:68:Infinity":0,"f:5:35:5:41":0,"s:6:2:66:Infinity":1,"f:24:25:24:26":1,"s:25:12:62:Infinity":2,"f:44:33:44:34":2,"s:45:18:59:Infinity":3,"b:53:21:53:Infinity:54:22:56:Infinity":0}}}
}
