TN:
SF:App.tsx
FN:5,(anonymous_0)
FN:5,(anonymous_1)
FN:6,(anonymous_2)
FN:6,(anonymous_3)
FN:7,(anonymous_4)
FN:7,(anonymous_5)
FN:8,(anonymous_6)
FN:8,(anonymous_7)
FN:11,(anonymous_8)
FN:20,(anonymous_9)
FNF:10
FNH:4
FNDA:1,(anonymous_0)
FNDA:1,(anonymous_1)
FNDA:0,(anonymous_2)
FNDA:0,(anonymous_3)
FNDA:0,(anonymous_4)
FNDA:0,(anonymous_5)
FNDA:0,(anonymous_6)
FNDA:0,(anonymous_7)
FNDA:1,(anonymous_8)
FNDA:2,(anonymous_9)
DA:5,1
DA:6,1
DA:7,1
DA:8,1
DA:11,1
DA:12,1
DA:20,1
DA:21,2
LF:8
LH:8
BRF:0
BRH:0
end_of_record
TN:
SF:index.tsx
FNF:0
FNH:0
DA:6,0
DA:7,0
DA:8,0
DA:11,0
DA:12,0
DA:13,0
DA:19,0
DA:20,0
LF:8
LH:0
BRDA:7,0,0,0
BRDA:7,0,1,0
BRF:2
BRH:0
end_of_record
TN:
SF:components/About.tsx
FN:112,(anonymous_0)
FN:179,(anonymous_1)
FN:200,(anonymous_2)
FN:221,(anonymous_3)
FN:229,(anonymous_4)
FN:279,(anonymous_5)
FN:376,(anonymous_6)
FN:388,(anonymous_7)
FN:389,(anonymous_8)
FN:442,(anonymous_9)
FN:458,(anonymous_10)
FN:473,(anonymous_11)
FNF:12
FNH:0
FNDA:0,(anonymous_0)
FNDA:0,(anonymous_1)
FNDA:0,(anonymous_2)
FNDA:0,(anonymous_3)
FNDA:0,(anonymous_4)
FNDA:0,(anonymous_5)
FNDA:0,(anonymous_6)
FNDA:0,(anonymous_7)
FNDA:0,(anonymous_8)
FNDA:0,(anonymous_9)
FNDA:0,(anonymous_10)
FNDA:0,(anonymous_11)
DA:13,0
DA:21,0
DA:53,0
DA:112,0
DA:113,0
DA:115,0
DA:180,0
DA:200,0
DA:222,0
DA:230,0
DA:280,0
DA:377,0
DA:388,0
DA:389,0
DA:443,0
DA:459,0
DA:474,0
LF:17
LH:0
BRF:0
BRH:0
end_of_record
TN:
SF:components/AboutPage.tsx
FN:193,(anonymous_0)
FN:211,(anonymous_1)
FN:221,(anonymous_2)
FN:224,(anonymous_3)
FN:226,(anonymous_4)
FN:227,(anonymous_5)
FN:229,(anonymous_6)
FN:233,(anonymous_7)
FN:307,(anonymous_8)
FN:342,(anonymous_9)
FN:413,(anonymous_10)
FN:507,(anonymous_11)
FN:519,(anonymous_12)
FN:520,(anonymous_13)
FN:562,(anonymous_14)
FN:577,(anonymous_15)
FN:591,(anonymous_16)
FN:621,(anonymous_17)
FN:654,(anonymous_18)
FN:719,(anonymous_19)
FN:722,(anonymous_20)
FN:740,(anonymous_21)
FN:741,(anonymous_22)
FN:742,(anonymous_23)
FN:791,(anonymous_24)
FN:793,(anonymous_25)
FN:800,(anonymous_26)
FN:802,(anonymous_27)
FN:818,(anonymous_28)
FN:821,(anonymous_29)
FN:834,(anonymous_30)
FN:837,(anonymous_31)
FN:868,(anonymous_32)
FN:874,(anonymous_33)
FN:879,(anonymous_34)
FNF:35
FNH:0
FNDA:0,(anonymous_0)
FNDA:0,(anonymous_1)
FNDA:0,(anonymous_2)
FNDA:0,(anonymous_3)
FNDA:0,(anonymous_4)
FNDA:0,(anonymous_5)
FNDA:0,(anonymous_6)
FNDA:0,(anonymous_7)
FNDA:0,(anonymous_8)
FNDA:0,(anonymous_9)
FNDA:0,(anonymous_10)
FNDA:0,(anonymous_11)
FNDA:0,(anonymous_12)
FNDA:0,(anonymous_13)
FNDA:0,(anonymous_14)
FNDA:0,(anonymous_15)
FNDA:0,(anonymous_16)
FNDA:0,(anonymous_17)
FNDA:0,(anonymous_18)
FNDA:0,(anonymous_19)
FNDA:0,(anonymous_20)
FNDA:0,(anonymous_21)
FNDA:0,(anonymous_22)
FNDA:0,(anonymous_23)
FNDA:0,(anonymous_24)
FNDA:0,(anonymous_25)
FNDA:0,(anonymous_26)
FNDA:0,(anonymous_27)
FNDA:0,(anonymous_28)
FNDA:0,(anonymous_29)
FNDA:0,(anonymous_30)
FNDA:0,(anonymous_31)
FNDA:0,(anonymous_32)
FNDA:0,(anonymous_33)
FNDA:0,(anonymous_34)
DA:16,0
DA:17,0
DA:18,0
DA:21,0
DA:29,0
DA:37,0
DA:45,0
DA:77,0
DA:129,0
DA:136,0
DA:193,0
DA:194,0
DA:211,0
DA:212,0
DA:213,0
DA:214,0
DA:215,0
DA:216,0
DA:219,0
DA:221,0
DA:224,0
DA:225,0
DA:226,0
DA:227,0
DA:229,0
DA:233,0
DA:234,0
DA:237,0
DA:245,0
DA:254,0
DA:308,0
DA:343,0
DA:413,0
DA:508,0
DA:519,0
DA:520,0
DA:563,0
DA:578,0
DA:592,0
DA:622,0
DA:655,0
DA:720,0
DA:722,0
DA:740,0
DA:741,0
DA:742,0
DA:792,0
DA:793,0
DA:801,0
DA:802,0
DA:819,0
DA:821,0
DA:835,0
DA:837,0
DA:868,0
DA:874,0
DA:879,0
LF:57
LH:0
BRDA:219,0,0,0
BRDA:219,0,1,0
BRDA:225,1,0,0
BRDA:225,1,1,0
BRDA:225,2,0,0
BRDA:225,2,1,0
BRDA:394,3,0,0
BRDA:394,3,1,0
BRDA:405,4,0,0
BRDA:405,4,1,0
BRDA:724,5,0,0
BRDA:724,5,1,0
BRDA:745,6,0,0
BRDA:745,6,1,0
BRDA:763,7,0,0
BRDA:763,7,1,0
BRDA:793,8,0,0
BRDA:793,8,1,0
BRDA:823,9,0,0
BRDA:823,9,1,0
BRDA:839,10,0,0
BRDA:839,10,1,0
BRDA:852,11,0,0
BRDA:852,11,1,0
BRDA:862,12,0,0
BRDA:862,12,1,0
BRF:26
BRH:0
end_of_record
TN:
SF:components/BackgroundGradients.tsx
FN:4,(anonymous_0)
FNF:1
FNH:0
FNDA:0,(anonymous_0)
DA:4,0
DA:5,0
DA:8,0
DA:9,0
DA:11,0
DA:13,0
LF:6
LH:0
BRF:0
BRH:0
end_of_record
TN:
SF:components/BentoGrid.tsx
FN:102,(anonymous_0)
FN:105,(anonymous_1)
FN:106,(anonymous_2)
FN:107,(anonymous_3)
FN:109,(anonymous_4)
FN:117,(anonymous_5)
FN:137,(anonymous_6)
FN:166,(anonymous_7)
FN:169,(anonymous_8)
FN:210,(anonymous_9)
FN:267,(anonymous_10)
FN:284,(anonymous_11)
FN:296,(anonymous_12)
FN:319,(anonymous_13)
FN:374,(anonymous_14)
FN:400,(anonymous_15)
FN:427,(anonymous_16)
FNF:17
FNH:15
FNDA:9,(anonymous_0)
FNDA:9,(anonymous_1)
FNDA:0,(anonymous_2)
FNDA:0,(anonymous_3)
FNDA:9,(anonymous_4)
FNDA:36,(anonymous_5)
FNDA:45,(anonymous_6)
FNDA:10,(anonymous_7)
FNDA:50,(anonymous_8)
FNDA:10,(anonymous_9)
FNDA:20,(anonymous_10)
FNDA:30,(anonymous_11)
FNDA:20,(anonymous_12)
FNDA:40,(anonymous_13)
FNDA:60,(anonymous_14)
FNDA:80,(anonymous_15)
FNDA:30,(anonymous_16)
DA:13,1
DA:61,1
DA:91,1
DA:93,1
DA:102,1
DA:103,9
DA:105,9
DA:106,9
DA:107,0
DA:109,9
DA:112,9
DA:118,36
DA:138,45
DA:166,1
DA:167,10
DA:170,50
DA:210,1
DA:211,10
DA:268,20
DA:285,30
DA:297,20
DA:320,40
DA:375,60
DA:401,80
DA:428,30
LF:25
LH:24
BRDA:129,0,0,9
BRDA:129,0,1,27
BRDA:130,1,0,9
BRDA:130,1,1,27
BRDA:143,2,0,9
BRDA:143,2,1,36
BRDA:147,3,0,9
BRDA:147,3,1,36
BRDA:148,4,0,9
BRDA:148,4,1,36
BRDA:172,5,0,30
BRDA:172,5,1,20
BRDA:173,6,0,10
BRDA:173,6,1,10
BRDA:176,7,0,30
BRDA:176,7,1,20
BRDA:178,8,0,10
BRDA:178,8,1,10
BRDA:192,9,0,30
BRDA:192,9,1,20
BRDA:193,10,0,10
BRDA:193,10,1,10
BRDA:327,11,0,10
BRDA:327,11,1,10
BRDA:445,12,0,10
BRDA:445,12,1,20
BRDA:446,13,0,10
BRDA:446,13,1,10
BRF:28
BRH:28
end_of_record
TN:
SF:components/Certifications.tsx
FN:108,(anonymous_0)
FN:116,(anonymous_1)
FN:117,(anonymous_2)
FN:179,(anonymous_3)
FN:195,(anonymous_4)
FN:200,(anonymous_5)
FN:209,(anonymous_6)
FN:318,(anonymous_7)
FN:323,(anonymous_8)
FNF:9
FNH:0
FNDA:0,(anonymous_0)
FNDA:0,(anonymous_1)
FNDA:0,(anonymous_2)
FNDA:0,(anonymous_3)
FNDA:0,(anonymous_4)
FNDA:0,(anonymous_5)
FNDA:0,(anonymous_6)
FNDA:0,(anonymous_7)
FNDA:0,(anonymous_8)
DA:19,0
DA:100,0
DA:108,0
DA:109,0
DA:110,0
DA:111,0
DA:113,0
DA:116,0
DA:117,0
DA:179,0
DA:195,0
DA:196,0
DA:197,0
DA:200,0
DA:201,0
DA:202,0
DA:203,0
DA:204,0
DA:209,0
DA:210,0
DA:211,0
DA:214,0
DA:319,0
DA:323,0
LF:24
LH:0
BRDA:111,0,0,0
BRDA:111,0,1,0
BRDA:124,1,0,0
BRDA:124,1,1,0
BRDA:134,2,0,0
BRDA:134,2,1,0
BRDA:148,3,0,0
BRDA:148,3,1,0
BRDA:149,4,0,0
BRDA:149,4,1,0
BRDA:152,5,0,0
BRDA:152,5,1,0
BRDA:156,6,0,0
BRDA:156,6,1,0
BRDA:157,7,0,0
BRDA:157,7,1,0
BRDA:164,8,0,0
BRDA:164,8,1,0
BRDA:164,9,0,0
BRDA:164,9,1,0
BRDA:164,10,0,0
BRDA:164,10,1,0
BRDA:170,11,0,0
BRDA:170,11,1,0
BRDA:172,12,0,0
BRDA:172,12,1,0
BRDA:201,13,0,0
BRDA:201,13,1,0
BRDA:203,14,0,0
BRDA:203,14,1,0
BRDA:273,15,0,0
BRDA:273,15,1,0
BRDA:283,16,0,0
BRDA:283,16,1,0
BRF:34
BRH:0
end_of_record
TN:
SF:components/Certifications3D.tsx
FN:19,(anonymous_0)
FN:22,(anonymous_1)
FN:38,(anonymous_2)
FN:41,(anonymous_3)
FN:72,(anonymous_4)
FN:76,(anonymous_5)
FN:77,(anonymous_6)
FN:79,(anonymous_7)
FN:131,(anonymous_8)
FN:132,(anonymous_9)
FN:211,(anonymous_10)
FN:231,(anonymous_11)
FN:263,(anonymous_12)
FNF:13
FNH:0
FNDA:0,(anonymous_0)
FNDA:0,(anonymous_1)
FNDA:0,(anonymous_2)
FNDA:0,(anonymous_3)
FNDA:0,(anonymous_4)
FNDA:0,(anonymous_5)
FNDA:0,(anonymous_6)
FNDA:0,(anonymous_7)
FNDA:0,(anonymous_8)
FNDA:0,(anonymous_9)
FNDA:0,(anonymous_10)
FNDA:0,(anonymous_11)
FNDA:0,(anonymous_12)
DA:10,0
DA:19,0
DA:20,0
DA:22,0
DA:24,0
DA:25,0
DA:26,0
DA:27,0
DA:29,0
DA:31,0
DA:34,0
DA:38,0
DA:39,0
DA:41,0
DA:42,0
DA:44,0
DA:45,0
DA:48,0
DA:49,0
DA:51,0
DA:56,0
DA:72,0
DA:73,0
DA:76,0
DA:77,0
DA:79,0
DA:80,0
DA:81,0
DA:83,0
DA:84,0
DA:86,0
DA:87,0
DA:90,0
DA:91,0
DA:95,0
DA:132,0
DA:133,0
DA:211,0
DA:212,0
DA:232,0
DA:263,0
DA:264,0
DA:266,0
LF:43
LH:0
BRDA:24,0,0,0
BRDA:24,0,1,0
BRDA:26,1,0,0
BRDA:26,1,1,0
BRDA:42,2,0,0
BRDA:42,2,1,0
BRDA:48,3,0,0
BRDA:48,3,1,0
BRDA:81,4,0,0
BRDA:81,4,1,0
BRDA:200,5,0,0
BRDA:200,5,1,0
BRDA:264,6,0,0
BRDA:264,6,1,0
BRF:14
BRH:0
end_of_record
TN:
SF:components/Contact.tsx
FN:6,(anonymous_0)
FNF:1
FNH:0
FNDA:0,(anonymous_0)
DA:6,0
DA:7,0
LF:2
LH:0
BRF:0
BRH:0
end_of_record
TN:
SF:components/Education.tsx
FN:34,(anonymous_0)
FN:36,(anonymous_1)
FN:68,(anonymous_2)
FN:80,(anonymous_3)
FN:252,(anonymous_4)
FNF:5
FNH:0
FNDA:0,(anonymous_0)
FNDA:0,(anonymous_1)
FNDA:0,(anonymous_2)
FNDA:0,(anonymous_3)
FNDA:0,(anonymous_4)
DA:7,0
DA:34,0
DA:35,0
DA:36,0
DA:38,0
DA:39,0
DA:41,0
DA:69,0
DA:70,0
DA:71,0
DA:73,0
DA:80,0
DA:253,0
LF:13
LH:0
BRDA:36,0,0,0
BRDA:36,0,1,0
BRDA:39,1,0,0
BRDA:39,1,1,0
BRDA:71,2,0,0
BRDA:71,2,1,0
BRDA:82,3,0,0
BRDA:82,3,1,0
BRDA:90,4,0,0
BRDA:90,4,1,0
BRDA:94,5,0,0
BRDA:94,5,1,0
BRDA:104,6,0,0
BRDA:104,6,1,0
BRDA:106,7,0,0
BRDA:106,7,1,0
BRDA:113,8,0,0
BRDA:113,8,1,0
BRDA:129,9,0,0
BRDA:129,9,1,0
BRDA:133,10,0,0
BRDA:133,10,1,0
BRDA:176,11,0,0
BRDA:176,11,1,0
BRDA:182,12,0,0
BRDA:182,12,1,0
BRDA:188,13,0,0
BRDA:188,13,1,0
BRDA:202,14,0,0
BRDA:202,14,1,0
BRDA:205,15,0,0
BRDA:205,15,1,0
BRDA:205,16,0,0
BRDA:205,16,1,0
BRDA:235,17,0,0
BRDA:235,17,1,0
BRDA:238,18,0,0
BRDA:238,18,1,0
BRDA:246,19,0,0
BRDA:246,19,1,0
BRDA:246,19,2,0
BRF:41
BRH:0
end_of_record
TN:
SF:components/Experience.tsx
FN:84,(anonymous_0)
FN:117,(anonymous_1)
FN:138,(anonymous_2)
FN:178,(anonymous_3)
FN:188,(anonymous_4)
FN:213,(anonymous_5)
FNF:6
FNH:0
FNDA:0,(anonymous_0)
FNDA:0,(anonymous_1)
FNDA:0,(anonymous_2)
FNDA:0,(anonymous_3)
FNDA:0,(anonymous_4)
FNDA:0,(anonymous_5)
DA:12,0
DA:71,0
DA:84,0
DA:85,0
DA:118,0
DA:139,0
DA:179,0
DA:189,0
DA:214,0
LF:9
LH:0
BRDA:165,0,0,0
BRDA:165,0,1,0
BRF:2
BRH:0
end_of_record
TN:
SF:components/GlassCard.tsx
FN:11,(anonymous_0)
FN:26,(anonymous_1)
FN:27,(anonymous_2)
FNF:3
FNH:0
FNDA:0,(anonymous_0)
FNDA:0,(anonymous_1)
FNDA:0,(anonymous_2)
DA:11,0
DA:17,0
DA:19,0
DA:26,0
DA:27,0
DA:51,0
LF:6
LH:0
BRDA:13,0,0,0
BRDA:14,1,0,0
BRDA:15,2,0,0
BRDA:39,3,0,0
BRDA:39,3,1,0
BRDA:43,4,0,0
BRDA:43,4,1,0
BRF:7
BRH:0
end_of_record
TN:
SF:components/Hero.tsx
FN:40,(anonymous_0)
FN:42,(anonymous_1)
FN:46,(anonymous_2)
FN:56,(anonymous_3)
FN:80,(anonymous_4)
FN:86,(anonymous_5)
FN:91,(anonymous_6)
FN:92,(anonymous_7)
FN:93,(anonymous_8)
FN:96,(anonymous_9)
FN:103,(anonymous_10)
FN:203,(anonymous_11)
FN:255,(anonymous_12)
FN:329,(anonymous_13)
FN:397,(anonymous_14)
FNF:15
FNH:10
FNDA:54,(anonymous_0)
FNDA:0,(anonymous_1)
FNDA:54,(anonymous_2)
FNDA:18,(anonymous_3)
FNDA:19,(anonymous_4)
FNDA:9,(anonymous_5)
FNDA:9,(anonymous_6)
FNDA:0,(anonymous_7)
FNDA:0,(anonymous_8)
FNDA:0,(anonymous_9)
FNDA:9,(anonymous_10)
FNDA:54,(anonymous_11)
FNDA:54,(anonymous_12)
FNDA:54,(anonymous_13)
FNDA:0,(anonymous_14)
DA:9,1
DA:40,1
DA:41,54
DA:42,54
DA:43,54
DA:44,54
DA:46,54
DA:47,54
DA:48,54
DA:52,54
DA:56,1
DA:57,18
DA:58,18
DA:60,18
DA:80,1
DA:81,19
DA:82,19
DA:83,19
DA:84,19
DA:86,19
DA:87,9
DA:91,19
DA:92,9
DA:93,0
DA:94,0
DA:95,0
DA:96,0
DA:97,0
DA:99,0
DA:103,9
DA:106,19
DA:108,19
DA:204,54
DA:256,54
DA:330,54
DA:397,0
LF:36
LH:29
BRDA:40,0,0,54
BRDA:47,1,0,54
BRDA:47,1,1,0
BRDA:95,2,0,0
BRDA:95,2,1,0
BRDA:207,3,0,18
BRDA:207,3,1,36
BRDA:211,4,0,18
BRDA:211,4,1,36
BRDA:216,5,0,54
BRDA:216,5,1,36
BRDA:333,6,0,36
BRDA:333,6,1,18
BRDA:362,7,0,9
BRDA:362,7,1,9
BRDA:362,8,0,9
BRDA:362,8,1,9
BRDA:405,9,0,0
BRDA:405,9,1,18
BRDA:405,10,0,0
BRDA:405,10,1,18
BRF:21
BRH:16
end_of_record
TN:
SF:components/Hero3D.tsx
FN:8,(anonymous_0)
FN:11,(anonymous_1)
FN:35,(anonymous_2)
FN:38,(anonymous_3)
FN:72,(anonymous_4)
FN:76,(anonymous_5)
FN:133,(anonymous_6)
FN:136,(anonymous_7)
FN:138,(anonymous_8)
FN:150,(anonymous_9)
FN:154,(anonymous_10)
FN:179,(anonymous_11)
FN:186,(anonymous_12)
FN:192,(anonymous_13)
FN:193,(anonymous_14)
FN:194,(anonymous_15)
FNF:16
FNH:7
FNDA:6,(anonymous_0)
FNDA:0,(anonymous_1)
FNDA:6,(anonymous_2)
FNDA:0,(anonymous_3)
FNDA:6,(anonymous_4)
FNDA:0,(anonymous_5)
FNDA:6,(anonymous_6)
FNDA:5,(anonymous_7)
FNDA:5,(anonymous_8)
FNDA:0,(anonymous_9)
FNDA:0,(anonymous_10)
FNDA:0,(anonymous_11)
FNDA:6,(anonymous_12)
FNDA:0,(anonymous_13)
FNDA:0,(anonymous_14)
FNDA:0,(anonymous_15)
DA:8,1
DA:9,6
DA:11,6
DA:12,0
DA:13,0
DA:15,0
DA:17,0
DA:18,0
DA:22,6
DA:35,1
DA:36,6
DA:38,6
DA:39,0
DA:40,0
DA:41,0
DA:42,0
DA:45,0
DA:46,0
DA:47,0
DA:49,0
DA:50,0
DA:51,0
DA:56,6
DA:72,1
DA:73,6
DA:76,6
DA:77,0
DA:79,0
DA:81,0
DA:82,0
DA:84,0
DA:85,0
DA:89,6
DA:107,6
DA:133,1
DA:134,6
DA:135,6
DA:136,6
DA:138,6
DA:139,5
DA:140,5
DA:141,750
DA:142,750
DA:143,750
DA:144,750
DA:145,750
DA:147,5
DA:150,6
DA:151,0
DA:152,0
DA:154,0
DA:156,0
DA:157,0
DA:159,0
DA:162,0
DA:163,0
DA:165,0
DA:166,0
DA:168,0
DA:171,6
DA:179,1
DA:180,0
DA:186,1
DA:187,6
DA:189,6
DA:192,0
DA:193,0
DA:194,0
LF:68
LH:32
BRDA:12,0,0,0
BRDA:12,0,1,0
BRDA:39,1,0,0
BRDA:39,1,1,0
BRDA:45,2,0,0
BRDA:45,2,1,0
BRDA:60,3,0,0
BRDA:60,3,1,5
BRDA:61,4,0,0
BRDA:61,4,1,5
BRDA:62,5,0,0
BRDA:62,5,1,5
BRDA:79,6,0,0
BRDA:79,6,1,0
BRDA:97,7,0,0
BRDA:97,7,1,5
BRDA:99,8,0,0
BRDA:99,8,1,5
BRDA:151,9,0,0
BRDA:151,9,1,0
BRDA:157,10,0,0
BRDA:157,10,1,0
BRDA:229,11,0,0
BRDA:229,11,1,5
BRDA:232,12,0,0
BRDA:232,12,1,5
BRF:26
BRH:7
end_of_record
TN:
SF:components/Home.tsx
FN:9,(anonymous_0)
FN:9,(anonymous_1)
FN:10,(anonymous_2)
FN:10,(anonymous_3)
FN:11,(anonymous_4)
FN:11,(anonymous_5)
FN:12,(anonymous_6)
FN:12,(anonymous_7)
FN:13,(anonymous_8)
FN:13,(anonymous_9)
FN:14,(anonymous_10)
FN:14,(anonymous_11)
FN:15,(anonymous_12)
FN:15,(anonymous_13)
FN:16,(anonymous_14)
FN:16,(anonymous_15)
FN:17,(anonymous_16)
FN:17,(anonymous_17)
FN:19,(anonymous_18)
FN:28,(anonymous_19)
FNF:20
FNH:14
FNDA:1,(anonymous_0)
FNDA:1,(anonymous_1)
FNDA:1,(anonymous_2)
FNDA:0,(anonymous_3)
FNDA:1,(anonymous_4)
FNDA:1,(anonymous_5)
FNDA:1,(anonymous_6)
FNDA:0,(anonymous_7)
FNDA:1,(anonymous_8)
FNDA:0,(anonymous_9)
FNDA:1,(anonymous_10)
FNDA:1,(anonymous_11)
FNDA:1,(anonymous_12)
FNDA:0,(anonymous_13)
FNDA:1,(anonymous_14)
FNDA:0,(anonymous_15)
FNDA:1,(anonymous_16)
FNDA:0,(anonymous_17)
FNDA:45,(anonymous_18)
FNDA:5,(anonymous_19)
DA:9,1
DA:10,1
DA:11,1
DA:12,1
DA:13,1
DA:14,1
DA:15,1
DA:16,1
DA:17,1
DA:19,1
DA:20,45
DA:28,1
DA:29,5
LF:13
LH:13
BRF:0
BRH:0
end_of_record
TN:
SF:components/LogoTicker.tsx
FN:31,(anonymous_0)
FN:60,(anonymous_1)
FNF:2
FNH:0
FNDA:0,(anonymous_0)
FNDA:0,(anonymous_1)
DA:17,0
DA:31,0
DA:32,0
DA:61,0
LF:4
LH:0
BRF:0
BRH:0
end_of_record
TN:
SF:components/MagneticButton.tsx
FN:11,(anonymous_0)
FN:20,(anonymous_1)
FN:29,(anonymous_2)
FNF:3
FNH:0
FNDA:0,(anonymous_0)
FNDA:0,(anonymous_1)
FNDA:0,(anonymous_2)
DA:11,0
DA:17,0
DA:18,0
DA:20,0
DA:21,0
DA:22,0
DA:23,0
DA:24,0
DA:26,0
DA:29,0
DA:30,0
DA:33,0
DA:34,0
DA:39,0
LF:14
LH:0
BRDA:13,0,0,0
BRDA:15,1,0,0
BRDA:50,2,0,0
BRDA:50,2,1,0
BRF:4
BRH:0
end_of_record
TN:
SF:components/Navigation.tsx
FN:19,(anonymous_0)
FN:25,(anonymous_1)
FN:35,(anonymous_2)
FN:51,(anonymous_3)
FN:72,(anonymous_4)
FN:106,(anonymous_5)
FN:117,(anonymous_6)
FN:120,(anonymous_7)
FNF:8
FNH:3
FNDA:3,(anonymous_0)
FNDA:2,(anonymous_1)
FNDA:0,(anonymous_2)
FNDA:0,(anonymous_3)
FNDA:0,(anonymous_4)
FNDA:0,(anonymous_5)
FNDA:12,(anonymous_6)
FNDA:0,(anonymous_7)
DA:6,1
DA:19,1
DA:20,3
DA:21,3
DA:22,3
DA:25,3
DA:26,2
DA:27,0
DA:28,2
DA:29,0
DA:30,2
DA:31,2
DA:35,3
DA:36,0
DA:39,0
DA:40,0
DA:41,0
DA:43,0
DA:44,0
DA:45,0
DA:49,0
DA:50,0
DA:51,0
DA:52,0
DA:53,0
DA:55,0
DA:58,0
DA:59,0
DA:60,0
DA:62,0
DA:65,0
DA:66,0
DA:67,0
DA:72,3
DA:73,0
DA:77,3
DA:79,3
DA:106,0
DA:118,12
DA:120,0
LF:40
LH:15
BRDA:19,0,0,3
BRDA:26,1,0,0
BRDA:26,1,1,2
BRDA:28,2,0,0
BRDA:28,2,1,2
BRDA:30,3,0,2
BRDA:30,3,1,0
BRDA:39,4,0,0
BRDA:39,4,1,0
BRDA:43,5,0,0
BRDA:43,5,1,0
BRDA:49,6,0,0
BRDA:49,6,1,0
BRDA:49,7,0,0
BRDA:49,7,1,0
BRDA:53,8,0,0
BRDA:53,8,1,0
BRDA:58,9,0,0
BRDA:58,9,1,0
BRDA:59,10,0,0
BRDA:59,10,1,0
BRDA:66,11,0,0
BRDA:66,11,1,0
BRDA:77,12,0,3
BRDA:77,12,1,2
BRDA:84,13,0,3
BRDA:84,13,1,0
BRDA:122,14,0,2
BRDA:122,14,1,10
BRDA:125,15,0,12
BRDA:125,15,1,2
BRF:31
BRH:11
end_of_record
TN:
SF:components/NeuralBackground.tsx
FN:7,(anonymous_0)
FN:14,(anonymous_1)
FN:19,(anonymous_2)
FN:24,(anonymous_3)
FN:57,(anonymous_4)
FN:101,(anonymous_5)
FN:102,(anonymous_6)
FN:113,(anonymous_7)
FN:120,(anonymous_8)
FN:124,(anonymous_9)
FNF:10
FNH:0
FNDA:0,(anonymous_0)
FNDA:0,(anonymous_1)
FNDA:0,(anonymous_2)
FNDA:0,(anonymous_3)
FNDA:0,(anonymous_4)
FNDA:0,(anonymous_5)
FNDA:0,(anonymous_6)
FNDA:0,(anonymous_7)
FNDA:0,(anonymous_8)
FNDA:0,(anonymous_9)
DA:7,0
DA:8,0
DA:9,0
DA:14,0
DA:15,0
DA:16,0
DA:19,0
DA:20,0
DA:21,0
DA:24,0
DA:25,0
DA:26,0
DA:27,0
DA:30,0
DA:31,0
DA:32,0
DA:33,0
DA:35,0
DA:36,0
DA:37,0
DA:39,0
DA:40,0
DA:41,0
DA:44,0
DA:45,0
DA:46,0
DA:47,0
DA:49,0
DA:50,0
DA:51,0
DA:54,0
DA:57,0
DA:58,0
DA:60,0
DA:61,0
DA:64,0
DA:65,0
DA:66,0
DA:69,0
DA:70,0
DA:74,0
DA:101,0
DA:102,0
DA:103,0
DA:104,0
DA:105,0
DA:106,0
DA:107,0
DA:109,0
DA:113,0
DA:114,0
DA:120,0
DA:121,0
DA:122,0
DA:124,0
DA:126,0
DA:127,0
DA:129,0
DA:130,0
DA:131,0
DA:132,0
DA:137,0
DA:138,0
DA:141,0
LF:64
LH:0
BRDA:8,0,0,0
BRDA:8,0,1,0
BRDA:9,1,0,0
BRDA:9,1,1,0
BRDA:15,2,0,0
BRDA:15,2,1,0
BRDA:19,3,0,0
BRDA:45,4,0,0
BRDA:45,4,1,0
BRDA:45,5,0,0
BRDA:45,5,1,0
BRDA:58,6,0,0
BRDA:58,6,1,0
BRDA:129,7,0,0
BRDA:129,7,1,0
BRDA:131,8,0,0
BRDA:131,8,1,0
BRDA:137,9,0,0
BRDA:137,9,1,0
BRF:19
BRH:0
end_of_record
TN:
SF:components/NeuralLiquidCore.tsx
FN:6,(anonymous_0)
FN:12,(anonymous_1)
FN:81,(anonymous_2)
FN:85,(anonymous_3)
FN:86,(anonymous_4)
FN:100,(anonymous_5)
FN:106,(anonymous_6)
FN:147,(anonymous_7)
FNF:8
FNH:0
FNDA:0,(anonymous_0)
FNDA:0,(anonymous_1)
FNDA:0,(anonymous_2)
FNDA:0,(anonymous_3)
FNDA:0,(anonymous_4)
FNDA:0,(anonymous_5)
FNDA:0,(anonymous_6)
FNDA:0,(anonymous_7)
DA:6,0
DA:7,0
DA:9,0
DA:12,0
DA:13,0
DA:14,0
DA:16,0
DA:18,0
DA:21,0
DA:22,0
DA:24,0
DA:25,0
DA:28,0
DA:29,0
DA:32,0
DA:34,0
DA:38,0
DA:39,0
DA:40,0
DA:43,0
DA:44,0
DA:45,0
DA:49,0
DA:71,0
DA:81,0
DA:83,0
DA:84,0
DA:85,0
DA:86,0
DA:87,0
DA:88,0
DA:89,0
DA:90,0
DA:91,0
DA:92,0
DA:93,0
DA:94,0
DA:95,0
DA:97,0
DA:100,0
DA:101,0
DA:103,0
DA:104,0
DA:106,0
DA:107,0
DA:111,0
DA:113,0
DA:114,0
DA:115,0
DA:116,0
DA:119,0
DA:120,0
DA:122,0
DA:129,0
DA:130,0
DA:132,0
DA:133,0
DA:134,0
DA:136,0
DA:139,0
DA:147,0
DA:148,0
LF:62
LH:0
BRDA:16,0,0,0
BRDA:16,0,1,0
BRDA:32,1,0,0
BRDA:32,1,1,0
BRDA:101,2,0,0
BRDA:101,2,1,0
BRF:6
BRH:0
end_of_record
TN:
SF:components/Newsletter.tsx
FN:7,(anonymous_0)
FN:8,(anonymous_1)
FN:51,(anonymous_2)
FNF:3
FNH:0
FNDA:0,(anonymous_0)
FNDA:0,(anonymous_1)
FNDA:0,(anonymous_2)
DA:7,0
DA:8,0
DA:9,0
DA:10,0
DA:13,0
DA:52,0
LF:6
LH:0
BRF:0
BRH:0
end_of_record
TN:
SF:components/Presenter3D.tsx
FN:8,(anonymous_0)
FN:54,(anonymous_1)
FN:57,(anonymous_2)
FN:60,(anonymous_3)
FN:74,(anonymous_4)
FN:78,(anonymous_5)
FN:100,(anonymous_6)
FN:102,(anonymous_7)
FN:125,(anonymous_8)
FNF:9
FNH:0
FNDA:0,(anonymous_0)
FNDA:0,(anonymous_1)
FNDA:0,(anonymous_2)
FNDA:0,(anonymous_3)
FNDA:0,(anonymous_4)
FNDA:0,(anonymous_5)
FNDA:0,(anonymous_6)
FNDA:0,(anonymous_7)
FNDA:0,(anonymous_8)
DA:8,0
DA:9,0
DA:54,0
DA:55,0
DA:56,0
DA:57,0
DA:60,0
DA:61,0
DA:62,0
DA:63,0
DA:64,0
DA:65,0
DA:66,0
DA:67,0
DA:68,0
DA:69,0
DA:71,0
DA:74,0
DA:75,0
DA:76,0
DA:78,0
DA:80,0
DA:83,0
DA:84,0
DA:86,0
DA:87,0
DA:89,0
DA:92,0
DA:100,0
DA:101,0
DA:102,0
DA:103,0
DA:105,0
DA:106,0
DA:107,0
DA:108,0
DA:112,0
DA:125,0
DA:126,0
LF:39
LH:0
BRDA:75,0,0,0
BRDA:75,0,1,0
BRDA:103,1,0,0
BRDA:103,1,1,0
BRF:4
BRH:0
end_of_record
TN:
SF:components/Projects.tsx
FN:296,(anonymous_0)
FN:322,(anonymous_1)
FN:381,(anonymous_2)
FN:403,(anonymous_3)
FN:421,(anonymous_4)
FN:439,(anonymous_5)
FN:466,(anonymous_6)
FN:469,(anonymous_7)
FN:487,(anonymous_8)
FN:502,(anonymous_9)
FN:571,(anonymous_10)
FN:578,(anonymous_11)
FN:599,(anonymous_12)
FN:602,(anonymous_13)
FN:632,(anonymous_14)
FN:637,(anonymous_15)
FN:638,(anonymous_16)
FN:721,(anonymous_17)
FN:731,(anonymous_18)
FN:749,(anonymous_19)
FN:756,(anonymous_20)
FN:787,(anonymous_21)
FNF:22
FNH:0
FNDA:0,(anonymous_0)
FNDA:0,(anonymous_1)
FNDA:0,(anonymous_2)
FNDA:0,(anonymous_3)
FNDA:0,(anonymous_4)
FNDA:0,(anonymous_5)
FNDA:0,(anonymous_6)
FNDA:0,(anonymous_7)
FNDA:0,(anonymous_8)
FNDA:0,(anonymous_9)
FNDA:0,(anonymous_10)
FNDA:0,(anonymous_11)
FNDA:0,(anonymous_12)
FNDA:0,(anonymous_13)
FNDA:0,(anonymous_14)
FNDA:0,(anonymous_15)
FNDA:0,(anonymous_16)
FNDA:0,(anonymous_17)
FNDA:0,(anonymous_18)
FNDA:0,(anonymous_19)
FNDA:0,(anonymous_20)
FNDA:0,(anonymous_21)
DA:41,0
DA:278,0
DA:287,0
DA:296,0
DA:297,0
DA:299,0
DA:301,0
DA:303,0
DA:310,0
DA:322,0
DA:382,0
DA:404,0
DA:422,0
DA:440,0
DA:467,0
DA:469,0
DA:488,0
DA:503,0
DA:542,0
DA:553,0
DA:571,0
DA:572,0
DA:573,0
DA:574,0
DA:576,0
DA:578,0
DA:580,0
DA:582,0
DA:600,0
DA:602,0
DA:633,0
DA:637,0
DA:638,0
DA:722,0
DA:732,0
DA:749,0
DA:756,0
DA:787,0
LF:38
LH:0
BRDA:299,0,0,0
BRDA:299,0,1,0
BRDA:337,1,0,0
BRDA:337,1,1,0
BRDA:391,2,0,0
BRDA:391,2,1,0
BRDA:462,3,0,0
BRDA:462,3,1,0
BRDA:471,4,0,0
BRDA:471,4,1,0
BRDA:483,5,0,0
BRDA:483,5,1,0
BRDA:484,6,0,0
BRDA:484,6,1,0
BRDA:485,7,0,0
BRDA:485,7,1,0
BRDA:512,8,0,0
BRDA:512,8,1,0
BRDA:523,9,0,0
BRDA:523,9,1,0
BRDA:576,10,0,0
BRDA:576,10,1,0
BRDA:604,11,0,0
BRDA:604,11,1,0
BRDA:607,12,0,0
BRDA:607,12,1,0
BRDA:615,13,0,0
BRDA:615,13,1,0
BRDA:665,14,0,0
BRDA:665,14,1,0
BRDA:681,15,0,0
BRDA:681,15,1,0
BRDA:682,16,0,0
BRDA:682,16,1,0
BRDA:743,17,0,0
BRDA:743,17,1,0
BRDA:771,18,0,0
BRDA:771,18,1,0
BRDA:784,19,0,0
BRDA:784,19,1,0
BRF:40
BRH:0
end_of_record
TN:
SF:components/ProjectsPage.tsx
FN:11,(anonymous_0)
FNF:1
FNH:0
FNDA:0,(anonymous_0)
DA:11,0
DA:12,0
LF:2
LH:0
BRF:0
BRH:0
end_of_record
TN:
SF:components/ResearchPage.tsx
FN:136,(anonymous_0)
FN:161,(anonymous_1)
FN:165,(anonymous_2)
FN:166,(anonymous_3)
FN:167,(anonymous_4)
FN:169,(anonymous_5)
FN:174,(anonymous_6)
FN:207,(anonymous_7)
FN:209,(anonymous_8)
FN:212,(anonymous_9)
FN:225,(anonymous_10)
FN:235,(anonymous_11)
FN:354,(anonymous_12)
FN:378,(anonymous_13)
FN:409,(anonymous_14)
FN:461,(anonymous_15)
FN:498,(anonymous_16)
FN:507,(anonymous_17)
FN:543,(anonymous_18)
FN:572,(anonymous_19)
FNF:20
FNH:0
FNDA:0,(anonymous_0)
FNDA:0,(anonymous_1)
FNDA:0,(anonymous_2)
FNDA:0,(anonymous_3)
FNDA:0,(anonymous_4)
FNDA:0,(anonymous_5)
FNDA:0,(anonymous_6)
FNDA:0,(anonymous_7)
FNDA:0,(anonymous_8)
FNDA:0,(anonymous_9)
FNDA:0,(anonymous_10)
FNDA:0,(anonymous_11)
FNDA:0,(anonymous_12)
FNDA:0,(anonymous_13)
FNDA:0,(anonymous_14)
FNDA:0,(anonymous_15)
FNDA:0,(anonymous_16)
FNDA:0,(anonymous_17)
FNDA:0,(anonymous_18)
FNDA:0,(anonymous_19)
DA:18,0
DA:69,0
DA:105,0
DA:116,0
DA:125,0
DA:136,0
DA:141,0
DA:142,0
DA:144,0
DA:161,0
DA:162,0
DA:163,0
DA:165,0
DA:166,0
DA:167,0
DA:169,0
DA:172,0
DA:175,0
DA:207,0
DA:208,0
DA:209,0
DA:210,0
DA:211,0
DA:212,0
DA:214,0
DA:225,0
DA:226,0
DA:227,0
DA:228,0
DA:231,0
DA:232,0
DA:233,0
DA:235,0
DA:236,0
DA:239,0
DA:355,0
DA:379,0
DA:410,0
DA:462,0
DA:499,0
DA:508,0
DA:544,0
DA:573,0
LF:43
LH:0
BRDA:136,0,0,0
BRDA:136,1,0,0
BRDA:148,2,0,0
BRDA:148,2,1,0
BRDA:179,3,0,0
BRDA:179,3,1,0
BRDA:180,4,0,0
BRDA:180,4,1,0
BRDA:184,5,0,0
BRDA:184,5,1,0
BRDA:185,6,0,0
BRDA:185,6,1,0
BRDA:188,7,0,0
BRDA:188,7,1,0
BRDA:192,8,0,0
BRDA:192,8,1,0
BRDA:196,9,0,0
BRDA:196,9,1,0
BRDA:216,10,0,0
BRDA:216,10,1,0
BRDA:418,11,0,0
BRDA:418,11,1,0
BRDA:419,12,0,0
BRDA:419,12,1,0
BRDA:424,13,0,0
BRDA:424,13,1,0
BRDA:426,14,0,0
BRDA:426,14,1,0
BRDA:437,15,0,0
BRDA:437,15,1,0
BRDA:438,16,0,0
BRDA:438,16,1,0
BRDA:487,17,0,0
BRDA:487,17,1,0
BRDA:591,18,0,0
BRDA:591,18,1,0
BRDA:592,19,0,0
BRDA:592,19,1,0
BRF:38
BRH:0
end_of_record
TN:
SF:components/SafePresentationControls.tsx
FN:7,(anonymous_0)
FNF:1
FNH:1
FNDA:4,(anonymous_0)
DA:7,1
DA:12,4
DA:13,4
DA:15,4
LF:4
LH:4
BRDA:9,0,0,4
BRDA:13,1,0,4
BRDA:13,1,1,2
BRDA:13,1,2,2
BRF:4
BRH:4
end_of_record
TN:
SF:components/SectionWrapper.tsx
FN:11,(anonymous_0)
FNF:1
FNH:0
FNDA:0,(anonymous_0)
DA:11,0
DA:17,0
LF:2
LH:0
BRDA:14,0,0,0
BRDA:15,1,0,0
BRF:2
BRH:0
end_of_record
TN:
SF:components/Testimonials.tsx
FN:55,(anonymous_0)
FN:59,(anonymous_1)
FN:60,(anonymous_2)
FN:63,(anonymous_3)
FN:64,(anonymous_4)
FN:122,(anonymous_5)
FN:145,(anonymous_6)
FN:184,(anonymous_7)
FN:187,(anonymous_8)
FNF:9
FNH:0
FNDA:0,(anonymous_0)
FNDA:0,(anonymous_1)
FNDA:0,(anonymous_2)
FNDA:0,(anonymous_3)
FNDA:0,(anonymous_4)
FNDA:0,(anonymous_5)
FNDA:0,(anonymous_6)
FNDA:0,(anonymous_7)
FNDA:0,(anonymous_8)
DA:16,0
DA:55,0
DA:56,0
DA:57,0
DA:59,0
DA:60,0
DA:61,0
DA:63,0
DA:64,0
DA:65,0
DA:68,0
DA:70,0
DA:123,0
DA:145,0
DA:185,0
DA:188,0
DA:189,0
LF:17
LH:0
BRDA:103,0,0,0
BRDA:103,0,1,0
BRDA:137,1,0,0
BRDA:137,1,1,0
BRDA:143,2,0,0
BRDA:143,2,1,0
BRDA:148,3,0,0
BRDA:148,3,1,0
BRDA:149,4,0,0
BRDA:149,4,1,0
BRDA:191,5,0,0
BRDA:191,5,1,0
BRF:12
BRH:0
end_of_record
TN:
SF:components/Vision3D.tsx
FN:6,(anonymous_0)
FN:10,(anonymous_1)
FN:36,(anonymous_2)
FN:72,(anonymous_3)
FNF:4
FNH:0
FNDA:0,(anonymous_0)
FNDA:0,(anonymous_1)
FNDA:0,(anonymous_2)
FNDA:0,(anonymous_3)
DA:6,0
DA:7,0
DA:10,0
DA:11,0
DA:12,0
DA:13,0
DA:14,0
DA:16,0
DA:17,0
DA:18,0
DA:19,0
DA:21,0
DA:22,0
DA:23,0
DA:26,0
DA:27,0
DA:29,0
DA:30,0
DA:31,0
DA:33,0
DA:36,0
DA:37,0
DA:39,0
DA:40,0
DA:43,0
DA:44,0
DA:45,0
DA:47,0
DA:48,0
DA:51,0
DA:54,0
DA:55,0
DA:58,0
DA:72,0
DA:73,0
LF:35
LH:0
BRDA:26,0,0,0
BRDA:26,0,1,0
BRDA:37,1,0,0
BRDA:37,1,1,0
BRDA:37,2,0,0
BRDA:37,2,1,0
BRDA:37,2,2,0
BRDA:45,3,0,0
BRDA:45,3,1,0
BRF:9
BRH:0
end_of_record
TN:
SF:components/projects/CompetencyMatrix.tsx
FN:8,(anonymous_0)
FN:14,(anonymous_1)
FN:43,(anonymous_2)
FN:51,(anonymous_3)
FN:52,(anonymous_4)
FN:85,(anonymous_5)
FN:86,(anonymous_6)
FN:120,(anonymous_7)
FN:147,(anonymous_8)
FN:153,(anonymous_9)
FNF:10
FNH:0
FNDA:0,(anonymous_0)
FNDA:0,(anonymous_1)
FNDA:0,(anonymous_2)
FNDA:0,(anonymous_3)
FNDA:0,(anonymous_4)
FNDA:0,(anonymous_5)
FNDA:0,(anonymous_6)
FNDA:0,(anonymous_7)
FNDA:0,(anonymous_8)
FNDA:0,(anonymous_9)
DA:5,0
DA:6,0
DA:8,0
DA:9,0
DA:10,0
DA:13,0
DA:14,0
DA:17,0
DA:44,0
DA:51,0
DA:52,0
DA:86,0
DA:87,0
DA:121,0
DA:147,0
DA:153,0
LF:16
LH:0
BRDA:13,0,0,0
BRDA:13,0,1,0
BRDA:14,1,0,0
BRDA:14,1,1,0
BRDA:47,2,0,0
BRDA:47,2,1,0
BRDA:77,3,0,0
BRDA:77,3,1,0
BRDA:87,4,0,0
BRDA:87,4,1,0
BRF:10
BRH:0
end_of_record
TN:
SF:components/projects/EngineeringMethodology.tsx
FN:11,(anonymous_0)
FN:40,(anonymous_1)
FN:86,(anonymous_2)
FNF:3
FNH:0
FNDA:0,(anonymous_0)
FNDA:0,(anonymous_1)
FNDA:0,(anonymous_2)
DA:9,0
DA:11,0
DA:12,0
DA:41,0
DA:42,0
DA:87,0
LF:6
LH:0
BRDA:58,0,0,0
BRDA:58,0,1,0
BRF:2
BRH:0
end_of_record
TN:
SF:components/projects/FlagshipProjectsGrid.tsx
FN:11,(anonymous_0)
FN:27,(anonymous_1)
FN:38,(anonymous_2)
FN:49,(anonymous_3)
FN:62,(anonymous_4)
FN:81,(anonymous_5)
FN:82,(anonymous_6)
FN:147,(anonymous_7)
FN:157,(anonymous_8)
FN:171,(anonymous_9)
FN:190,(anonymous_10)
FN:217,(anonymous_11)
FN:268,(anonymous_12)
FN:281,(anonymous_13)
FN:284,(anonymous_14)
FN:302,(anonymous_15)
FN:317,(anonymous_16)
FN:357,(anonymous_17)
FN:363,(anonymous_18)
FN:391,(anonymous_19)
FN:394,(anonymous_20)
FN:411,(anonymous_21)
FN:415,(anonymous_22)
FN:426,(anonymous_23)
FNF:24
FNH:0
FNDA:0,(anonymous_0)
FNDA:0,(anonymous_1)
FNDA:0,(anonymous_2)
FNDA:0,(anonymous_3)
FNDA:0,(anonymous_4)
FNDA:0,(anonymous_5)
FNDA:0,(anonymous_6)
FNDA:0,(anonymous_7)
FNDA:0,(anonymous_8)
FNDA:0,(anonymous_9)
FNDA:0,(anonymous_10)
FNDA:0,(anonymous_11)
FNDA:0,(anonymous_12)
FNDA:0,(anonymous_13)
FNDA:0,(anonymous_14)
FNDA:0,(anonymous_15)
FNDA:0,(anonymous_16)
FNDA:0,(anonymous_17)
FNDA:0,(anonymous_18)
FNDA:0,(anonymous_19)
FNDA:0,(anonymous_20)
FNDA:0,(anonymous_21)
FNDA:0,(anonymous_22)
FNDA:0,(anonymous_23)
DA:11,0
DA:12,0
DA:13,0
DA:15,0
DA:28,0
DA:39,0
DA:50,0
DA:62,0
DA:63,0
DA:64,0
DA:66,0
DA:74,0
DA:81,0
DA:82,0
DA:148,0
DA:158,0
DA:171,0
DA:190,0
DA:191,0
DA:193,0
DA:195,0
DA:196,0
DA:198,0
DA:205,0
DA:217,0
DA:269,0
DA:282,0
DA:284,0
DA:303,0
DA:318,0
DA:357,0
DA:358,0
DA:359,0
DA:361,0
DA:364,0
DA:365,0
DA:366,0
DA:367,0
DA:368,0
DA:369,0
DA:370,0
DA:373,0
DA:392,0
DA:394,0
DA:412,0
DA:415,0
DA:426,0
LF:47
LH:0
BRDA:13,0,0,0
BRDA:13,0,1,0
BRDA:19,1,0,0
BRDA:19,1,1,0
BRDA:108,2,0,0
BRDA:108,2,1,0
BRDA:166,3,0,0
BRDA:166,3,1,0
BRDA:193,4,0,0
BRDA:193,4,1,0
BRDA:277,5,0,0
BRDA:277,5,1,0
BRDA:286,6,0,0
BRDA:286,6,1,0
BRDA:298,7,0,0
BRDA:298,7,1,0
BRDA:299,8,0,0
BRDA:299,8,1,0
BRDA:300,9,0,0
BRDA:300,9,1,0
BRDA:327,10,0,0
BRDA:327,10,1,0
BRDA:338,11,0,0
BRDA:338,11,1,0
BRDA:361,12,0,0
BRDA:361,12,1,0
BRDA:364,13,0,0
BRDA:364,13,1,0
BRDA:364,14,0,0
BRDA:364,14,1,0
BRDA:365,15,0,0
BRDA:365,15,1,0
BRDA:366,16,0,0
BRDA:366,16,1,0
BRDA:367,17,0,0
BRDA:367,17,1,0
BRDA:368,18,0,0
BRDA:368,18,1,0
BRDA:369,19,0,0
BRDA:369,19,1,0
BRDA:396,20,0,0
BRDA:396,20,1,0
BRDA:423,21,0,0
BRDA:423,21,1,0
BRF:44
BRH:0
end_of_record
TN:
SF:components/projects/ProjectsHero.tsx
FN:21,(anonymous_0)
FN:26,(anonymous_1)
FN:27,(anonymous_2)
FN:28,(anonymous_3)
FN:55,(anonymous_4)
FN:109,(anonymous_5)
FN:157,(anonymous_6)
FN:170,(anonymous_7)
FN:218,(anonymous_8)
FNF:9
FNH:0
FNDA:0,(anonymous_0)
FNDA:0,(anonymous_1)
FNDA:0,(anonymous_2)
FNDA:0,(anonymous_3)
FNDA:0,(anonymous_4)
FNDA:0,(anonymous_5)
FNDA:0,(anonymous_6)
FNDA:0,(anonymous_7)
FNDA:0,(anonymous_8)
DA:6,0
DA:14,0
DA:21,0
DA:22,0
DA:27,0
DA:28,0
DA:29,0
DA:56,0
DA:109,0
DA:110,0
DA:119,0
DA:158,0
DA:171,0
DA:219,0
LF:14
LH:0
BRDA:163,0,0,0
BRDA:163,0,1,0
BRF:2
BRH:0
end_of_record
TN:
SF:components/research/LabNotebook.tsx
FN:6,(anonymous_0)
FN:17,(anonymous_1)
FN:28,(anonymous_2)
FN:33,(anonymous_3)
FN:47,(anonymous_4)
FN:91,(anonymous_5)
FN:95,(anonymous_6)
FN:96,(anonymous_7)
FN:99,(anonymous_8)
FN:101,(anonymous_9)
FN:102,(anonymous_10)
FN:104,(anonymous_11)
FNF:12
FNH:0
FNDA:0,(anonymous_0)
FNDA:0,(anonymous_1)
FNDA:0,(anonymous_2)
FNDA:0,(anonymous_3)
FNDA:0,(anonymous_4)
FNDA:0,(anonymous_5)
FNDA:0,(anonymous_6)
FNDA:0,(anonymous_7)
FNDA:0,(anonymous_8)
FNDA:0,(anonymous_9)
FNDA:0,(anonymous_10)
FNDA:0,(anonymous_11)
DA:6,0
DA:7,0
DA:8,0
DA:10,0
DA:11,0
DA:12,0
DA:14,0
DA:17,0
DA:18,0
DA:19,0
DA:21,0
DA:22,0
DA:23,0
DA:25,0
DA:28,0
DA:29,0
DA:30,0
DA:31,0
DA:33,0
DA:34,0
DA:35,0
DA:36,0
DA:39,0
DA:48,0
DA:91,0
DA:92,0
DA:93,0
DA:95,0
DA:96,0
DA:97,0
DA:99,0
DA:100,0
DA:101,0
DA:102,0
DA:104,0
DA:108,0
LF:36
LH:0
BRDA:6,0,0,0
BRDA:68,1,0,0
BRDA:68,1,1,0
BRDA:83,2,0,0
BRDA:83,2,1,0
BRDA:100,3,0,0
BRDA:100,3,1,0
BRDA:102,4,0,0
BRDA:102,4,1,0
BRDA:161,5,0,0
BRDA:161,5,1,0
BRF:11
BRH:0
end_of_record
TN:
SF:components/research/PublicationShowcase.tsx
FN:6,(anonymous_0)
FN:10,(anonymous_1)
FN:20,(anonymous_2)
FN:46,(anonymous_3)
FN:71,(anonymous_4)
FN:118,(anonymous_5)
FN:128,(anonymous_6)
FN:149,(anonymous_7)
FNF:8
FNH:0
FNDA:0,(anonymous_0)
FNDA:0,(anonymous_1)
FNDA:0,(anonymous_2)
FNDA:0,(anonymous_3)
FNDA:0,(anonymous_4)
FNDA:0,(anonymous_5)
FNDA:0,(anonymous_6)
FNDA:0,(anonymous_7)
DA:6,0
DA:7,0
DA:8,0
DA:10,0
DA:12,0
DA:18,0
DA:19,0
DA:20,0
DA:23,0
DA:25,0
DA:47,0
DA:72,0
DA:118,0
DA:128,0
DA:150,0
LF:15
LH:0
BRDA:59,0,0,0
BRDA:59,0,1,0
BRDA:72,1,0,0
BRDA:72,1,1,0
BRDA:73,2,0,0
BRDA:73,2,1,0
BRDA:81,3,0,0
BRDA:81,3,1,0
BRDA:86,4,0,0
BRDA:86,4,1,0
BRDA:98,5,0,0
BRDA:98,5,1,0
BRDA:106,6,0,0
BRDA:106,6,1,0
BRDA:121,7,0,0
BRDA:121,7,1,0
BRDA:122,8,0,0
BRDA:122,8,1,0
BRDA:128,9,0,0
BRDA:128,9,1,0
BRDA:131,10,0,0
BRDA:131,10,1,0
BRDA:139,11,0,0
BRDA:139,11,1,0
BRF:24
BRH:0
end_of_record
TN:
SF:components/research/ResearchBento.tsx
FN:6,(anonymous_0)
FN:28,(anonymous_1)
FN:35,(anonymous_2)
FN:36,(anonymous_3)
FN:60,(anonymous_4)
FN:74,(anonymous_5)
FN:84,(anonymous_6)
FNF:7
FNH:0
FNDA:0,(anonymous_0)
FNDA:0,(anonymous_1)
FNDA:0,(anonymous_2)
FNDA:0,(anonymous_3)
FNDA:0,(anonymous_4)
FNDA:0,(anonymous_5)
FNDA:0,(anonymous_6)
DA:6,0
DA:7,0
DA:9,0
DA:29,0
DA:35,0
DA:36,0
DA:61,0
DA:75,0
DA:85,0
LF:9
LH:0
BRF:0
BRH:0
end_of_record
TN:
SF:components/research/ResearchHero.tsx
FN:5,(anonymous_0)
FN:24,(anonymous_1)
FN:25,(anonymous_2)
FN:26,(anonymous_3)
FN:49,(anonymous_4)
FN:66,(anonymous_5)
FN:114,(anonymous_6)
FNF:7
FNH:0
FNDA:0,(anonymous_0)
FNDA:0,(anonymous_1)
FNDA:0,(anonymous_2)
FNDA:0,(anonymous_3)
FNDA:0,(anonymous_4)
FNDA:0,(anonymous_5)
FNDA:0,(anonymous_6)
DA:5,0
DA:7,0
DA:14,0
DA:21,0
DA:25,0
DA:26,0
DA:27,0
DA:50,0
DA:66,0
DA:67,0
DA:115,0
LF:11
LH:0
BRF:0
BRH:0
end_of_record
TN:
SF:components/research/ResearchMetrics.tsx
FN:6,(anonymous_0)
FN:8,(anonymous_1)
FN:12,(anonymous_2)
FN:28,(anonymous_3)
FN:33,(anonymous_4)
FNF:5
FNH:0
FNDA:0,(anonymous_0)
FNDA:0,(anonymous_1)
FNDA:0,(anonymous_2)
FNDA:0,(anonymous_3)
FNDA:0,(anonymous_4)
DA:6,0
DA:7,0
DA:8,0
DA:9,0
DA:10,0
DA:12,0
DA:13,0
DA:14,0
DA:18,0
DA:21,0
DA:28,0
DA:29,0
DA:34,0
LF:13
LH:0
BRDA:6,0,0,0
BRDA:6,1,0,0
BRDA:13,2,0,0
BRDA:13,2,1,0
BRF:4
BRH:0
end_of_record
TN:
SF:components/research/ResearchPipeline.tsx
FN:6,(anonymous_0)
FN:31,(anonymous_1)
FN:38,(anonymous_2)
FN:39,(anonymous_3)
FN:65,(anonymous_4)
FNF:5
FNH:0
FNDA:0,(anonymous_0)
FNDA:0,(anonymous_1)
FNDA:0,(anonymous_2)
FNDA:0,(anonymous_3)
FNDA:0,(anonymous_4)
DA:6,0
DA:7,0
DA:9,0
DA:32,0
DA:38,0
DA:39,0
DA:66,0
LF:7
LH:0
BRDA:76,0,0,0
BRDA:76,0,1,0
BRF:2
BRH:0
end_of_record
TN:
SF:components/research/ResearchTimeline.tsx
FN:50,(anonymous_0)
FN:73,(anonymous_1)
FNF:2
FNH:0
FNDA:0,(anonymous_0)
FNDA:0,(anonymous_1)
DA:5,0
DA:50,0
DA:51,0
DA:74,0
LF:4
LH:0
BRDA:81,0,0,0
BRDA:81,0,1,0
BRDA:85,1,0,0
BRDA:85,1,1,0
BRDA:87,2,0,0
BRDA:87,2,1,0
BRDA:90,3,0,0
BRDA:90,3,1,0
BRDA:91,4,0,0
BRDA:91,4,1,0
BRDA:92,5,0,0
BRDA:92,5,1,0
BRDA:115,6,0,0
BRDA:115,6,1,0
BRF:14
BRH:0
end_of_record
TN:
SF:components/research/TechStack.tsx
FN:5,(anonymous_0)
FN:24,(anonymous_1)
FN:44,(anonymous_2)
FNF:3
FNH:0
FNDA:0,(anonymous_0)
FNDA:0,(anonymous_1)
FNDA:0,(anonymous_2)
DA:5,0
DA:6,0
DA:25,0
DA:45,0
LF:4
LH:0
BRDA:53,0,0,0
BRDA:53,0,1,0
BRF:2
BRH:0
end_of_record
